Build started 9/1/2015 11:42:01 AM.
     1>Project "D:\Users\TerryQ\documents\visual studio 2013\Projects\CppAlgorithm_PekingU_Coursera_2015\Week3_1\Week3_1.vcxproj" on node 2 (Build target(s)).
     1>Building with tools version "12.0".
     1>Target "_CheckForInvalidConfigurationAndPlatform" in file "C:\Program Files (x86)\MSBuild\12.0\bin\Microsoft.Common.CurrentVersion.targets" from project "D:\Users\TerryQ\documents\visual studio 2013\Projects\CppAlgorithm_PekingU_Coursera_2015\Week3_1\Week3_1.vcxproj" (entry point):
       Task "Error" skipped, due to false condition; ( '$(_InvalidConfigurationError)' == 'true' ) was evaluated as ( '' == 'true' ).
       Task "Warning" skipped, due to false condition; ( '$(_InvalidConfigurationWarning)' == 'true' ) was evaluated as ( '' == 'true' ).
       Using "Message" task from assembly "Microsoft.Build.Tasks.v12.0, Version=12.0.0.0, Culture=neutral, PublicKeyToken=b03f5f7f11d50a3a".
       Task "Message"
         Configuration=Debug
       Done executing task "Message".
       Task "Message"
         Platform=Win32
       Done executing task "Message".
       Task "Error" skipped, due to false condition; ('$(OutDir)' != '' and !HasTrailingSlash('$(OutDir)')) was evaluated as ('D:\users\terryq\documents\visual studio 2013\Projects\CppAlgorithm_PekingU_Coursera_2015\Debug\' != '' and !HasTrailingSlash('D:\users\terryq\documents\visual studio 2013\Projects\CppAlgorithm_PekingU_Coursera_2015\Debug\')).
       Task "Error" skipped, due to false condition; ('$(BaseIntermediateOutputPath)' != '' and !HasTrailingSlash('$(BaseIntermediateOutputPath)')) was evaluated as ('obj\' != '' and !HasTrailingSlash('obj\')).
       Task "Error" skipped, due to false condition; ('$(IntermediateOutputPath)' != '' and !HasTrailingSlash('$(IntermediateOutputPath)')) was evaluated as ('Debug\' != '' and !HasTrailingSlash('Debug\')).
     1>Done building target "_CheckForInvalidConfigurationAndPlatform" in project "Week3_1.vcxproj".
     1>Target "_PrepareForBuild" in file "C:\Program Files (x86)\MSBuild\Microsoft.Cpp\v4.0\V120\Microsoft.BuildSteps.Targets" from project "D:\Users\TerryQ\documents\visual studio 2013\Projects\CppAlgorithm_PekingU_Coursera_2015\Week3_1\Week3_1.vcxproj" (target "Build" depends on it):
       Task "CreateItem" skipped, due to false condition; ('%(CustomBuild.IncludeFileToTool)'!='') was evaluated as (''!='').
     1>Done building target "_PrepareForBuild" in project "Week3_1.vcxproj".
     1>Target "_PrepareForReferenceResolution" in file "C:\Program Files (x86)\MSBuild\Microsoft.Cpp\v4.0\V120\Microsoft.CppBuild.targets" from project "D:\Users\TerryQ\documents\visual studio 2013\Projects\CppAlgorithm_PekingU_Coursera_2015\Week3_1\Week3_1.vcxproj" (target "ResolveReferences" depends on it):
       Task "Message" skipped, due to false condition; ('$(_REFERENCE_DEBUG)'=='true') was evaluated as (''=='true').
     1>Done building target "_PrepareForReferenceResolution" in project "Week3_1.vcxproj".
       Target "ComputeCrtSDKReference" skipped, due to false condition; ('@(ClCompile)'!='' and '$(WindowsAppContainer)'=='true' and '$(UseCrtSDKReference)' != 'false') was evaluated as ('main.cpp;main2.cpp;main3.cpp'!='' and 'false'=='true' and '' != 'false').
     1>Target "BeforeResolveReferences" in file "C:\Program Files (x86)\MSBuild\12.0\bin\Microsoft.Common.CurrentVersion.targets" from project "D:\Users\TerryQ\documents\visual studio 2013\Projects\CppAlgorithm_PekingU_Coursera_2015\Week3_1\Week3_1.vcxproj" (target "ResolveReferences" depends on it):
     1>Done building target "BeforeResolveReferences" in project "Week3_1.vcxproj".
     1>Target "AssignProjectConfiguration" in file "C:\Program Files (x86)\MSBuild\12.0\bin\Microsoft.Common.CurrentVersion.targets" from project "D:\Users\TerryQ\documents\visual studio 2013\Projects\CppAlgorithm_PekingU_Coursera_2015\Week3_1\Week3_1.vcxproj" (target "ResolveReferences" depends on it):
       Using "AssignProjectConfiguration" task from assembly "Microsoft.Build.Tasks.v12.0, Version=12.0.0.0, Culture=neutral, PublicKeyToken=b03f5f7f11d50a3a".
       Task "AssignProjectConfiguration"
       Done executing task "AssignProjectConfiguration".
     1>Done building target "AssignProjectConfiguration" in project "Week3_1.vcxproj".
       Target "AssignProjectConfiguration" skipped. Previously built successfully.
     1>Target "_SplitProjectReferencesByFileExistence" in file "C:\Program Files (x86)\MSBuild\12.0\bin\Microsoft.Common.CurrentVersion.targets" from project "D:\Users\TerryQ\documents\visual studio 2013\Projects\CppAlgorithm_PekingU_Coursera_2015\Week3_1\Week3_1.vcxproj" (target "ResolveProjectReferences" depends on it):
       Task "ResolveNonMSBuildProjectOutput" skipped, due to false condition; ('$(BuildingInsideVisualStudio)'=='true' and '@(ProjectReferenceWithConfiguration)'!='') was evaluated as ('true'=='true' and ''!='').
     1>Done building target "_SplitProjectReferencesByFileExistence" in project "Week3_1.vcxproj".
       Target "_RemoveNameMetadataFromProjectReferenceItems" skipped, due to false condition; ('@(ProjectReference)'!='') was evaluated as (''!='').
     1>Target "ResolveProjectReferences" in file "C:\Program Files (x86)\MSBuild\12.0\bin\Microsoft.Common.CurrentVersion.targets" from project "D:\Users\TerryQ\documents\visual studio 2013\Projects\CppAlgorithm_PekingU_Coursera_2015\Week3_1\Week3_1.vcxproj" (target "ResolveReferences" depends on it):
       Task "MSBuild" skipped, due to false condition; ('%(_MSBuildProjectReferenceExistent.BuildReference)' == 'true' and '@(ProjectReferenceWithConfiguration)' != '' and ('$(BuildingInsideVisualStudio)' == 'true' or '$(BuildProjectReferences)' != 'true') and '$(VisualStudioVersion)' != '10.0' and '@(_MSBuildProjectReferenceExistent)' != '') was evaluated as ('' == 'true' and '' != '' and ('true' == 'true' or 'true' != 'true') and '12.0' != '10.0' and '' != '').
       Task "MSBuild" skipped, due to false condition; ('%(_MSBuildProjectReferenceExistent.BuildReference)' == 'true' and '@(ProjectReferenceWithConfiguration)' != '' and ('$(BuildingInsideVisualStudio)' == 'true' or '$(BuildProjectReferences)' != 'true') and '$(VisualStudioVersion)' == '10.0' and '@(_MSBuildProjectReferenceExistent)' != '') was evaluated as ('' == 'true' and '' != '' and ('true' == 'true' or 'true' != 'true') and '12.0' == '10.0' and '' != '').
       Task "MSBuild" skipped, due to false condition; ('%(_MSBuildProjectReferenceExistent.BuildReference)' == 'true' and '@(ProjectReferenceWithConfiguration)' != '' and '$(BuildingInsideVisualStudio)' != 'true' and '$(BuildProjectReferences)' == 'true' and '@(_MSBuildProjectReferenceExistent)' != '') was evaluated as ('' == 'true' and '' != '' and 'true' != 'true' and 'true' == 'true' and '' != '').
       Task "MSBuild" skipped, due to false condition; ('%(_MSBuildProjectReferenceExistent.BuildReference)' == 'true' and '@(ProjectReferenceWithConfiguration)' != '' and '$(BuildingProject)' == 'true' and '@(_MSBuildProjectReferenceExistent)' != '') was evaluated as ('' == 'true' and '' != '' and 'true' == 'true' and '' != '').
       Task "Warning" skipped, due to false condition; ('@(ProjectReferenceWithConfiguration)' != '' and '@(_MSBuildProjectReferenceNonexistent)' != '') was evaluated as ('' != '' and '' != '').
     1>Done building target "ResolveProjectReferences" in project "Week3_1.vcxproj".
       Target "FindInvalidProjectReferences" skipped, due to false condition; ('$(FindInvalidProjectReferences)' == 'true') was evaluated as ('' == 'true').
       Target "ResolveNativeReferences" skipped, due to false condition; ('@(NativeReference)'!='') was evaluated as (''!='').
       Target "_PrepareForReferenceResolution" skipped. Previously built successfully.
     1>Target "GetFrameworkPaths" in file "C:\Program Files (x86)\MSBuild\12.0\bin\Microsoft.NetFramework.CurrentVersion.targets" from project "D:\Users\TerryQ\documents\visual studio 2013\Projects\CppAlgorithm_PekingU_Coursera_2015\Week3_1\Week3_1.vcxproj" (target "ResolveAssemblyReferences" depends on it):
     1>Done building target "GetFrameworkPaths" in project "Week3_1.vcxproj".
       Target "GetWinFXPath" skipped, due to false condition; (('@(Page)' != '' or '@(ApplicationDefinition)' != '' or '@(Resource)' != '') and ('$(GetWinFXNativePath)' != '' or '$(GetWinFXWoWPath)' != '' )) was evaluated as (('' != '' or '' != '' or '' != '') and ('' != '' or '' != '' )).
     1>Target "GetReferenceAssemblyPaths" in file "C:\Program Files (x86)\MSBuild\12.0\bin\Microsoft.Common.CurrentVersion.targets" from project "D:\Users\TerryQ\documents\visual studio 2013\Projects\CppAlgorithm_PekingU_Coursera_2015\Week3_1\Week3_1.vcxproj" (target "ResolveAssemblyReferences" depends on it):
       Task "GetReferenceAssemblyPaths" skipped, due to false condition; ('$(TargetFrameworkMoniker)' != '' and ('$(_TargetFrameworkDirectories)' == '' or '$(_FullFrameworkReferenceAssemblyPaths)' == '')) was evaluated as ('' != '' and ('C:\Program Files (x86)\Reference Assemblies\Microsoft\Framework\.NETFramework\v4.0' == '' or 'C:\Program Files (x86)\Reference Assemblies\Microsoft\Framework\.NETFramework\v4.0' == '')).
     1>Done building target "GetReferenceAssemblyPaths" in project "Week3_1.vcxproj".
     1>Target "SetBuildDefaultEnvironmentVariables" in file "C:\Program Files (x86)\MSBuild\Microsoft.Cpp\v4.0\V120\Microsoft.Cpp.targets" from project "D:\Users\TerryQ\documents\visual studio 2013\Projects\CppAlgorithm_PekingU_Coursera_2015\Week3_1\Week3_1.vcxproj" (target "PrepareForBuild" depends on it):
       Using "SetEnv" task from assembly "C:\Program Files (x86)\MSBuild\Microsoft.Cpp\v4.0\V120\Microsoft.Build.CppTasks.Common.dll".
       Task "SetEnv"
         PATH=D:\Program Files (x86)\Microsoft Visual Studio 12.0\VC\bin;C:\Program Files (x86)\Windows Kits\8.1\bin\x86;;C:\Program Files (x86)\Microsoft SDKs\Windows\v8.1A\bin\NETFX 4.5.1 Tools;D:\Program Files (x86)\Microsoft Visual Studio 12.0\Common7\Tools\bin;D:\Program Files (x86)\Microsoft Visual Studio 12.0\Common7\tools;D:\Program Files (x86)\Microsoft Visual Studio 12.0\Common7\ide;C:\Program Files (x86)\HTML Help Workshop;;C:\Program Files (x86)\MSBuild\12.0\bin\;C:\WINDOWS\Microsoft.NET\Framework\v4.0.30319\;C:\WINDOWS\SysWow64;;C:\ProgramData\Oracle\Java\javapath;D:\Python27\Lib\site-packages\PyQt4;C:\Program Files (x86)\Intel\iCLS Client\;C:\Program Files\Intel\iCLS Client\;C:\WINDOWS\system32;C:\WINDOWS;C:\WINDOWS\System32\Wbem;C:\WINDOWS\System32\WindowsPowerShell\v1.0\;C:\Program Files (x86)\Intel\OpenCL SDK\2.0\bin\x86;C:\Program Files (x86)\Intel\OpenCL SDK\2.0\bin\x64;C:\Program Files (x86)\Microsoft ASP.NET\ASP.NET Web Pages\v1.0\;C:\Program Files\Microsoft SQL Server\110\Tools\Binn\;D:\Program Files (x86)\Bitvise Tunnelier;D:\Python27;C:\Program Files\Java\jdk1.7.0_25\bin;C:\Program Files\Java\jdk1.7.0_25\jre\bin;C:\Program Files\Intel\Intel(R) Management Engine Components\DAL;C:\Program Files\Intel\Intel(R) Management Engine Components\IPT;C:\Program Files (x86)\Intel\Intel(R) Management Engine Components\DAL;C:\Program Files (x86)\Intel\Intel(R) Management Engine Components\IPT;C:\Program Files (x86)\Windows Kits\8.1\Windows Performance Toolkit\;C:\Program Files (x86)\Microsoft SDKs\TypeScript\1.0\;C:\Program Files\Microsoft\Web Platform Installer\;D:\Program Files (x86)\QuickTime\QTSystem\;C:\Program Files (x86)\GtkSharp\2.12\bin;C:\ProgramData\chocolatey\bin;;C:\WINDOWS\system32;C:\WINDOWS;C:\WINDOWS\System32\Wbem;C:\WINDOWS\System32\WindowsPowerShell\v1.0\;C:\Users\TerryQ\.dnx\bin;C:\Program Files\Microsoft DNX\Dnvm\;C:\Users\TerryQ\.dnx\bin;D:\CocosFramework\frameworks\cocos2d-x-3.4\tools\cocos2d-console\bin;D:\Ruby193\bin;D:\Program Files (x86)\Microsoft Visual Studio\Common\Tools\WinNT;D:\Program Files (x86)\Microsoft Visual Studio\Common\MSDev98\Bin;D:\Program Files (x86)\Microsoft Visual Studio\Common\Tools;D:\Program Files (x86)\Microsoft Visual Studio\VC98\bin;C:\program files (x86)\common files\apple\apple application support\;E:\Program Files (x86)\Google\google_appengine\;
       Done executing task "SetEnv".
       Task "SetEnv"
         LIB=D:\Program Files (x86)\Microsoft Visual Studio 12.0\VC\lib;D:\Program Files (x86)\Microsoft Visual Studio 12.0\VC\atlmfc\lib;C:\Program Files (x86)\Windows Kits\8.1\lib\winv6.3\um\x86;;
       Done executing task "SetEnv".
       Task "SetEnv"
         LIBPATH=D:\Program Files (x86)\Microsoft Visual Studio 12.0\VC\atlmfc\lib;D:\Program Files (x86)\Microsoft Visual Studio 12.0\VC\lib;
       Done executing task "SetEnv".
       Task "SetEnv"
         INCLUDE=D:\Program Files (x86)\Microsoft Visual Studio 12.0\VC\include;D:\Program Files (x86)\Microsoft Visual Studio 12.0\VC\atlmfc\include;C:\Program Files (x86)\Windows Kits\8.1\Include\um;C:\Program Files (x86)\Windows Kits\8.1\Include\shared;C:\Program Files (x86)\Windows Kits\8.1\Include\winrt;;
       Done executing task "SetEnv".
     1>Done building target "SetBuildDefaultEnvironmentVariables" in project "Week3_1.vcxproj".
       Target "SetUserMacroEnvironmentVariables" skipped, due to false condition; ('@(BuildMacro)' != '') was evaluated as ('' != '').
     1>Target "GetResolvedWinMD" in file "C:\Program Files (x86)\MSBuild\Microsoft.Cpp\v4.0\V120\Microsoft.CppBuild.targets" from project "D:\Users\TerryQ\documents\visual studio 2013\Projects\CppAlgorithm_PekingU_Coursera_2015\Week3_1\Week3_1.vcxproj" (target "PrepareForBuild" depends on it):
     1>Done building target "GetResolvedWinMD" in project "Week3_1.vcxproj".
     1>Target "PlatformPrepareForBuild" in file "C:\Program Files (x86)\MSBuild\Microsoft.Cpp\v4.0\V120\Microsoft.Cpp.Platform.targets" from project "D:\Users\TerryQ\documents\visual studio 2013\Projects\CppAlgorithm_PekingU_Coursera_2015\Week3_1\Week3_1.vcxproj" (target "PrepareForBuild" depends on it):
       Task "VCMessage" skipped, due to false condition; ('$(_Error64bitToolsNotInstalled)' == 'true') was evaluated as ('' == 'true').
       Task "VCMessage" skipped, due to false condition; ('$(ConfigurationPlatformExists)' != 'true') was evaluated as ('true' != 'true').
       Task "VCMessage" skipped, due to false condition; ('$(ToolsetTargetsFound)' != 'true') was evaluated as ('true' != 'true').
     1>Done building target "PlatformPrepareForBuild" in project "Week3_1.vcxproj".
       Target "GetFrameworkPaths" skipped. Previously built successfully.
       Target "GetReferenceAssemblyPaths" skipped. Previously built successfully.
       Target "AssignLinkMetadata" skipped, due to false condition; ( '$(SynthesizeLinkMetadata)' == 'true' ) was evaluated as ( '' == 'true' ).
     1>Target "SetCABuildNativeEnvironmentVariables" in file "C:\Program Files (x86)\MSBuild\Microsoft\VisualStudio\v12.0\CodeAnalysis\Microsoft.CodeAnalysis.targets" from project "D:\Users\TerryQ\documents\visual studio 2013\Projects\CppAlgorithm_PekingU_Coursera_2015\Week3_1\Week3_1.vcxproj" (target "PrepareForBuild" depends on it):
       Initializing task factory "CodeTaskFactory" from assembly "C:\Program Files (x86)\MSBuild\12.0\bin\Microsoft.Build.Tasks.v12.0.dll".
       Using "SetEnvironmentVariable" task from the task factory "Code Task Factory".
       Task "SetEnvironmentVariable"
       Done executing task "SetEnvironmentVariable".
     1>Done building target "SetCABuildNativeEnvironmentVariables" in project "Week3_1.vcxproj".
     1>Target "PrepareForBuild" in file "C:\Program Files (x86)\MSBuild\Microsoft.Cpp\v4.0\V120\Microsoft.CppBuild.targets" from project "D:\Users\TerryQ\documents\visual studio 2013\Projects\CppAlgorithm_PekingU_Coursera_2015\Week3_1\Week3_1.vcxproj" (target "ResolveAssemblyReferences" depends on it):
       Task "VCMessage" skipped, due to false condition; ('$(DesignTimeBuild)' != 'true' and '$(ConfigurationPlatformExists)' != 'true') was evaluated as ('' != 'true' and 'true' != 'true').
       Using "MakeDir" task from assembly "Microsoft.Build.Tasks.v12.0, Version=12.0.0.0, Culture=neutral, PublicKeyToken=b03f5f7f11d50a3a".
       Task "MakeDir"
       Done executing task "MakeDir".
       Task "VCMessage" skipped, due to false condition; ('$(DesignTimeBuild)'!='true' and '$(WindowsAppContainer)'=='true' and '$(ConfigurationType)'!='Application' and '$(ConfigurationType)'!='DynamicLibrary' and '$(ConfigurationType)'!='StaticLibrary') was evaluated as (''!='true' and 'false'=='true' and 'Application'!='Application' and 'Application'!='DynamicLibrary' and 'Application'!='StaticLibrary').
       Task "VCMessage" skipped, due to false condition; ('$(DesignTimeBuild)'!='true' and '$(VCInstallDir)'=='' and '$(UseEnv)' != 'true' and ('$(TargetFrameworkVersion)'=='v3.5' or '$(TargetFrameworkVersion)'=='v3.0' or '$(TargetFrameworkVersion)'=='v2.0' )) was evaluated as (''!='true' and 'D:\Program Files (x86)\Microsoft Visual Studio 12.0\VC\'=='' and '' != 'true' and ('v4.0'=='v3.5' or 'v4.0'=='v3.0' or 'v4.0'=='v2.0' )).
       Task "VCMessage" skipped, due to false condition; ('$(DesignTimeBuild)'!='true' and '$(VCInstallDir)'=='' and '$(UseEnv)' != 'true' and '$(PlatformToolset)'=='v90') was evaluated as (''!='true' and 'D:\Program Files (x86)\Microsoft Visual Studio 12.0\VC\'=='' and '' != 'true' and 'v120'=='v90').
       Task "VCMessage" skipped, due to false condition; ('$(VCInstallDir)'=='' and '$(UseEnv)' != 'true') was evaluated as ('D:\Program Files (x86)\Microsoft Visual Studio 12.0\VC\'=='' and '' != 'true').
       Task "VCMessage" skipped, due to false condition; ('$(WindowsSDKDir)'=='' and '$(UseEnv)' != 'true') was evaluated as ('C:\Program Files (x86)\Windows Kits\8.1\'=='' and '' != 'true').
       Task "VCMessage" skipped, due to false condition; ('$(IntDirTrailingSlashWarning)'=='true') was evaluated as (''=='true').
       Task "VCMessage" skipped, due to false condition; ('$(OutDirTrailingSlashWarning)'=='true') was evaluated as (''=='true').
       Task "VCMessage" skipped, due to false condition; ('%(CompatibilityIssues.Identity)' != '' and '$(DesignTimeBuild)'!='true') was evaluated as ('' != '' and ''!='true').
       Task "VCMessage" skipped, due to false condition; ('$(_MBCS_Using)' == 'true' and '$(_MBCS_Installed)' != 'true' and '$(DesignTimeBuild)' != 'true') was evaluated as ('' == 'true' and '' != 'true' and '' != 'true').
       Task "VCMessage" skipped, due to false condition; ('$(IgnoreWarnIntDirSharingDetected)' != 'true' and '$(IntDirSharingDetected)' == 'true') was evaluated as ('' != 'true' and '' == 'true').
       Task "VCMessage" skipped, due to false condition; ('$(IgnoreWarnIntDirInTempDetected)' != 'true' and ('$(_IntDirFullpath.StartsWith($(Tmp), true, null))' == 'true' or '$(_IntDirFullpath.StartsWith($(Temp), true, null))' == 'true' or '$(_OutDirFullpath.StartsWith($(Tmp), true, null))' == 'true' or '$(_OutDirFullpath.StartsWith($(Temp), true, null))' == 'true')) was evaluated as ('' != 'true' and ('False' == 'true' or 'False' == 'true' or 'False' == 'true' or 'False' == 'true')).
       Task "MakeDir"
       Done executing task "MakeDir".
     1>Done building target "PrepareForBuild" in project "Week3_1.vcxproj".
       Target "_PrepareForReferenceResolution" skipped. Previously built successfully.
       Target "ComputeCrtSDKReference" skipped, due to false condition; ('@(ClCompile)'!='' and '$(WindowsAppContainer)'=='true' and '$(UseCrtSDKReference)' != 'false') was evaluated as ('main.cpp;main2.cpp;main3.cpp'!='' and 'false'=='true' and '' != 'false').
     1>Target "GetInstalledSDKLocations" in file "C:\Program Files (x86)\MSBuild\12.0\bin\Microsoft.Common.CurrentVersion.targets" from project "D:\Users\TerryQ\documents\visual studio 2013\Projects\CppAlgorithm_PekingU_Coursera_2015\Week3_1\Week3_1.vcxproj" (target "ResolveSDKReferences" depends on it):
       Task "GetInstalledSDKLocations" skipped, due to false condition; ('@(SDKReference)' != '') was evaluated as ('' != '').
     1>Done building target "GetInstalledSDKLocations" in project "Week3_1.vcxproj".
     1>Target "ResolveSDKReferences" in file "C:\Program Files (x86)\MSBuild\12.0\bin\Microsoft.Common.CurrentVersion.targets" from project "D:\Users\TerryQ\documents\visual studio 2013\Projects\CppAlgorithm_PekingU_Coursera_2015\Week3_1\Week3_1.vcxproj" (target "ResolveAssemblyReferences" depends on it):
       Task "ResolveSDKReference" skipped, due to false condition; ('@(SDKReference)'!='') was evaluated as (''!='').
     1>Done building target "ResolveSDKReferences" in project "Week3_1.vcxproj".
       Target "ResolveSDKReferences" skipped. Previously built successfully.
     1>Target "ExpandSDKReferences" in file "C:\Program Files (x86)\MSBuild\12.0\bin\Microsoft.Common.CurrentVersion.targets" from project "D:\Users\TerryQ\documents\visual studio 2013\Projects\CppAlgorithm_PekingU_Coursera_2015\Week3_1\Week3_1.vcxproj" (target "ResolveAssemblyReferences" depends on it):
       Task "GetSDKReferenceFiles" skipped, due to false condition; ('@(ResolvedSDKReference)'!='') was evaluated as (''!='').
     1>Done building target "ExpandSDKReferences" in project "Week3_1.vcxproj".
       Target "FakesGenerateBeforeBuild" skipped, due to false condition; (@(Fakes) != '' AND $(BuildingProject)) was evaluated as ( != '' AND true).
     1>Target "ResolveAssemblyReferences" in file "C:\Program Files (x86)\MSBuild\12.0\bin\Microsoft.Common.CurrentVersion.targets" from project "D:\Users\TerryQ\documents\visual studio 2013\Projects\CppAlgorithm_PekingU_Coursera_2015\Week3_1\Week3_1.vcxproj" (target "ResolveReferences" depends on it):
       Task "ResolveAssemblyReference" skipped, due to false condition; ('@(Reference)'!='' or '@(_ResolvedProjectReferencePaths)'!='' or '@(_ExplicitReference)' != '') was evaluated as (''!='' or ''!='' or '' != '').
     1>Done building target "ResolveAssemblyReferences" in project "Week3_1.vcxproj".
       Target "GenerateBindingRedirects" skipped, due to false condition; ('$(AutoGenerateBindingRedirects)' == 'true' and '$(GenerateBindingRedirectsOutputType)' == 'true') was evaluated as ('' == 'true' and 'true' == 'true').
       Target "GenerateBindingRedirectsUpdateAppConfig" skipped, due to false condition; ('$(AutoGenerateBindingRedirects)' == 'true' and '$(GenerateBindingRedirectsOutputType)' == 'true' and Exists('$(_GenerateBindingRedirectsIntermediateAppConfig)')) was evaluated as ('' == 'true' and 'true' == 'true' and Exists('Debug\Week3_1.vcxproj.Week3_1.exe.config')).
       Target "ResolveComReferences" skipped, due to false condition; ('@(COMReference)'!='' or '@(COMFileReference)'!='') was evaluated as (''!='' or ''!='').
     1>Target "AfterResolveReferences" in file "C:\Program Files (x86)\MSBuild\12.0\bin\Microsoft.Common.CurrentVersion.targets" from project "D:\Users\TerryQ\documents\visual studio 2013\Projects\CppAlgorithm_PekingU_Coursera_2015\Week3_1\Week3_1.vcxproj" (target "ResolveReferences" depends on it):
     1>Done building target "AfterResolveReferences" in project "Week3_1.vcxproj".
       Target "ImplicitlyExpandDesignTimeFacades" skipped, due to false condition; ('$(ImplicitlyExpandDesignTimeFacades)' == 'true') was evaluated as ('' == 'true').
       Target "ResolveTestReferences" skipped, due to false condition; ('@(Shadow)'!='') was evaluated as (''!='').
     1>Target "ResolveReferences" in file "C:\Program Files (x86)\MSBuild\12.0\bin\Microsoft.Common.CurrentVersion.targets" from project "D:\Users\TerryQ\documents\visual studio 2013\Projects\CppAlgorithm_PekingU_Coursera_2015\Week3_1\Week3_1.vcxproj" (target "Build" depends on it):
     1>Done building target "ResolveReferences" in project "Week3_1.vcxproj".
       Target "PrepareForBuild" skipped. Previously built successfully.
       Target "PrepareForBuild" skipped. Previously built successfully.
     1>Target "InitializeBuildStatus" in file "C:\Program Files (x86)\MSBuild\Microsoft.Cpp\v4.0\V120\Microsoft.CppBuild.targets" from project "D:\Users\TerryQ\documents\visual studio 2013\Projects\CppAlgorithm_PekingU_Coursera_2015\Week3_1\Week3_1.vcxproj" (target "Build" depends on it):
       Using "ReadLinesFromFile" task from assembly "Microsoft.Build.Tasks.v12.0, Version=12.0.0.0, Culture=neutral, PublicKeyToken=b03f5f7f11d50a3a".
       Task "ReadLinesFromFile"
       Done executing task "ReadLinesFromFile".
       Using "WriteLinesToFile" task from assembly "Microsoft.Build.Tasks.v12.0, Version=12.0.0.0, Culture=neutral, PublicKeyToken=b03f5f7f11d50a3a".
       Task "WriteLinesToFile"
       Done executing task "WriteLinesToFile".
       Using "Touch" task from assembly "Microsoft.Build.Tasks.v12.0, Version=12.0.0.0, Culture=neutral, PublicKeyToken=b03f5f7f11d50a3a".
       Task "Touch"
         Creating "Debug\Week3_1.tlog\unsuccessfulbuild" because "AlwaysCreate" was specified.
       Done executing task "Touch".
     1>Done building target "InitializeBuildStatus" in project "Week3_1.vcxproj".
       Target "AssignProjectConfiguration" skipped. Previously built successfully.
       Target "_SplitProjectReferencesByFileExistence" skipped. Previously built successfully.
     1>Target "BuildGenerateSourcesTraverse" in file "C:\Program Files (x86)\MSBuild\12.0\bin\Microsoft.Common.CurrentVersion.targets" from project "D:\Users\TerryQ\documents\visual studio 2013\Projects\CppAlgorithm_PekingU_Coursera_2015\Week3_1\Week3_1.vcxproj" (target "BuildGenerateSources" depends on it):
       Task "MSBuild" skipped, due to false condition; ('$(BuildPassReferences)' == 'true' and '@(ProjectReferenceWithConfiguration)' != '' and '@(_MSBuildProjectReferenceExistent)' != '' and '%(_MSBuildProjectReferenceExistent.BuildReference)' == 'true') was evaluated as ('' == 'true' and '' != '' and '' != '' and '' == 'true').
     1>Done building target "BuildGenerateSourcesTraverse" in project "Week3_1.vcxproj".
       Target "PrepareForBuild" skipped. Previously built successfully.
       Target "ResolveReferences" skipped. Previously built successfully.
     1>Target "BeforeBuildGenerateSources" in file "C:\Program Files (x86)\MSBuild\Microsoft.Cpp\v4.0\V120\Microsoft.BuildSteps.Targets" from project "D:\Users\TerryQ\documents\visual studio 2013\Projects\CppAlgorithm_PekingU_Coursera_2015\Week3_1\Week3_1.vcxproj" (target "_BuildGenerateSourcesAction" depends on it):
     1>Done building target "BeforeBuildGenerateSources" in project "Week3_1.vcxproj".
     1>Target "PreBuildEvent" in file "C:\Program Files (x86)\MSBuild\Microsoft.Cpp\v4.0\V120\Microsoft.CppCommon.targets" from project "D:\Users\TerryQ\documents\visual studio 2013\Projects\CppAlgorithm_PekingU_Coursera_2015\Week3_1\Week3_1.vcxproj" (target "_BuildGenerateSourcesAction" depends on it):
       Task "Message" skipped, due to false condition; ('%(PreBuildEvent.Message)' != '' and '%(PreBuildEvent.Command)' != '') was evaluated as ('' != '' and '' != '').
       Task "Exec" skipped, due to false condition; ('%(PreBuildEvent.Command)' != '') was evaluated as ('' != '').
     1>Done building target "PreBuildEvent" in project "Week3_1.vcxproj".
       Target "CustomBuild" skipped, due to false condition; ('@(CustomBuild)' != '') was evaluated as ('' != '').
       Target "FxCompile" skipped, due to false condition; ('@(FxCompile)' != '') was evaluated as ('' != '').
       Target "Xsd" skipped, due to false condition; ('@(Xsd)' != '') was evaluated as ('' != '').
     1>Target "_Xsd" in file "C:\Program Files (x86)\MSBuild\Microsoft.Cpp\v4.0\V120\Microsoft.CppBuild.targets" from project "D:\Users\TerryQ\documents\visual studio 2013\Projects\CppAlgorithm_PekingU_Coursera_2015\Week3_1\Week3_1.vcxproj" (target "_BuildGenerateSourcesAction" depends on it):
     1>Done building target "_Xsd" in project "Week3_1.vcxproj".
     1>Target "MakeDirsForMidl" in file "C:\Program Files (x86)\MSBuild\Microsoft.Cpp\v4.0\V120\Microsoft.CppBuild.targets" from project "D:\Users\TerryQ\documents\visual studio 2013\Projects\CppAlgorithm_PekingU_Coursera_2015\Week3_1\Week3_1.vcxproj" (target "_Midl" depends on it):
       Task "Makedir"
       Done executing task "Makedir".
     1>Done building target "MakeDirsForMidl" in project "Week3_1.vcxproj".
       Target "Midl" skipped, due to false condition; ('@(Midl)' != '') was evaluated as ('' != '').
       Target "CustomBuild" skipped, due to false condition; ('@(CustomBuild)' != '') was evaluated as ('' != '').
       Target "FxCompile" skipped, due to false condition; ('@(FxCompile)' != '') was evaluated as ('' != '').
     1>Target "ComputeMIDLGeneratedCompileInputs" in file "C:\Program Files (x86)\MSBuild\Microsoft.Cpp\v4.0\V120\Microsoft.CppBuild.targets" from project "D:\Users\TerryQ\documents\visual studio 2013\Projects\CppAlgorithm_PekingU_Coursera_2015\Week3_1\Week3_1.vcxproj" (target "_Midl" depends on it):
     1>Done building target "ComputeMIDLGeneratedCompileInputs" in project "Week3_1.vcxproj".
     1>Target "AfterMidl" in file "C:\Program Files (x86)\MSBuild\Microsoft.Cpp\v4.0\V120\Microsoft.CppBuild.targets" from project "D:\Users\TerryQ\documents\visual studio 2013\Projects\CppAlgorithm_PekingU_Coursera_2015\Week3_1\Week3_1.vcxproj" (target "_Midl" depends on it):
     1>Done building target "AfterMidl" in project "Week3_1.vcxproj".
     1>Target "_Midl" in file "C:\Program Files (x86)\MSBuild\Microsoft.Cpp\v4.0\V120\Microsoft.CppBuild.targets" from project "D:\Users\TerryQ\documents\visual studio 2013\Projects\CppAlgorithm_PekingU_Coursera_2015\Week3_1\Week3_1.vcxproj" (target "_BuildGenerateSourcesAction" depends on it):
     1>Done building target "_Midl" in project "Week3_1.vcxproj".
     1>Target "AfterBuildGenerateSources" in file "C:\Program Files (x86)\MSBuild\Microsoft.Cpp\v4.0\V120\Microsoft.BuildSteps.Targets" from project "D:\Users\TerryQ\documents\visual studio 2013\Projects\CppAlgorithm_PekingU_Coursera_2015\Week3_1\Week3_1.vcxproj" (target "_BuildGenerateSourcesAction" depends on it):
     1>Done building target "AfterBuildGenerateSources" in project "Week3_1.vcxproj".
     1>Target "AfterBuildGenerateSourcesEvent" in file "C:\Program Files (x86)\MSBuild\Microsoft.Cpp\v4.0\V120\Microsoft.CppBuild.targets" from project "D:\Users\TerryQ\documents\visual studio 2013\Projects\CppAlgorithm_PekingU_Coursera_2015\Week3_1\Week3_1.vcxproj" (target "_BuildGenerateSourcesAction" depends on it):
     1>Done building target "AfterBuildGenerateSourcesEvent" in project "Week3_1.vcxproj".
     1>Target "_BuildGenerateSourcesAction" in file "C:\Program Files (x86)\MSBuild\Microsoft.Cpp\v4.0\V120\Microsoft.CppBuild.targets" from project "D:\Users\TerryQ\documents\visual studio 2013\Projects\CppAlgorithm_PekingU_Coursera_2015\Week3_1\Week3_1.vcxproj" (target "BuildGenerateSources" depends on it):
     1>Done building target "_BuildGenerateSourcesAction" in project "Week3_1.vcxproj".
     1>Target "BuildGenerateSources" in file "C:\Program Files (x86)\MSBuild\12.0\bin\Microsoft.Common.CurrentVersion.targets" from project "D:\Users\TerryQ\documents\visual studio 2013\Projects\CppAlgorithm_PekingU_Coursera_2015\Week3_1\Week3_1.vcxproj" (target "Build" depends on it):
     1>Done building target "BuildGenerateSources" in project "Week3_1.vcxproj".
       Target "AssignProjectConfiguration" skipped. Previously built successfully.
       Target "_SplitProjectReferencesByFileExistence" skipped. Previously built successfully.
     1>Target "BuildCompileTraverse" in file "C:\Program Files (x86)\MSBuild\12.0\bin\Microsoft.Common.CurrentVersion.targets" from project "D:\Users\TerryQ\documents\visual studio 2013\Projects\CppAlgorithm_PekingU_Coursera_2015\Week3_1\Week3_1.vcxproj" (target "BuildCompile" depends on it):
       Task "MSBuild" skipped, due to false condition; ('$(BuildPassReferences)' == 'true' and '@(ProjectReferenceWithConfiguration)' != '' and '@(_MSBuildProjectReferenceExistent)' != ''  and '%(_MSBuildProjectReferenceExistent.BuildReference)' == 'true') was evaluated as ('' == 'true' and '' != '' and '' != ''  and '' == 'true').
     1>Done building target "BuildCompileTraverse" in project "Week3_1.vcxproj".
       Target "PrepareForBuild" skipped. Previously built successfully.
       Target "ResolveReferences" skipped. Previously built successfully.
     1>Target "BeforeClCompile" in file "C:\Program Files (x86)\MSBuild\Microsoft.Cpp\v4.0\V120\Microsoft.CppBuild.targets" from project "D:\Users\TerryQ\documents\visual studio 2013\Projects\CppAlgorithm_PekingU_Coursera_2015\Week3_1\Week3_1.vcxproj" (target "_ClCompile" depends on it):
     1>Done building target "BeforeClCompile" in project "Week3_1.vcxproj".
       Target "ComputeMIDLGeneratedCompileInputs" skipped. Previously built successfully.
     1>Target "ComputeCLInputPDBName" in file "C:\Program Files (x86)\MSBuild\Microsoft.Cpp\v4.0\V120\Microsoft.CppBuild.targets" from project "D:\Users\TerryQ\documents\visual studio 2013\Projects\CppAlgorithm_PekingU_Coursera_2015\Week3_1\Week3_1.vcxproj" (target "_ClCompile" depends on it):
     1>Done building target "ComputeCLInputPDBName" in project "Week3_1.vcxproj".
       Target "ResolveReferences" skipped. Previously built successfully.
     1>Target "ComputeReferenceCLInput" in file "C:\Program Files (x86)\MSBuild\Microsoft.Cpp\v4.0\V120\Microsoft.CppBuild.targets" from project "D:\Users\TerryQ\documents\visual studio 2013\Projects\CppAlgorithm_PekingU_Coursera_2015\Week3_1\Week3_1.vcxproj" (target "_ClCompile" depends on it):
       Task "WriteLinesToFile" skipped, due to false condition; (('@(_ReferenceCopyLocalPaths)'!='') and '$(DesignTimeBuild)' != 'true') was evaluated as ((''!='') and '' != 'true').
       Task "Message" skipped, due to false condition; ('$(_REFERENCE_DEBUG)'=='true') was evaluated as (''=='true').
     1>Done building target "ComputeReferenceCLInput" in project "Week3_1.vcxproj".
     1>Target "WarnCompileDuplicatedFilename" in file "C:\Program Files (x86)\MSBuild\Microsoft.Cpp\v4.0\V120\Microsoft.CppBuild.targets" from project "D:\Users\TerryQ\documents\visual studio 2013\Projects\CppAlgorithm_PekingU_Coursera_2015\Week3_1\Week3_1.vcxproj" (target "_ClCompile" depends on it):
       Task "VCMessage" skipped, due to false condition; ('%(ClCompile.ExcludedFromBuild)' != 'true' and '%(Filename)%(Extension)' != '@(ClCompile->'%(Filename)%(Extension)')' and '%(ObjectFileName)' == '@(ClCompile->Metadata(ObjectFileName)->Distinct())') was evaluated as ('' != 'true' and 'main.cpp' != 'main.cpp' and 'Debug\' == 'Debug\').
       Task "VCMessage" skipped, due to false condition; ('%(ClCompile.ExcludedFromBuild)' != 'true' and '%(Filename)%(Extension)' != '@(ClCompile->'%(Filename)%(Extension)')' and '%(ObjectFileName)' == '@(ClCompile->Metadata(ObjectFileName)->Distinct())') was evaluated as ('' != 'true' and 'main2.cpp' != 'main2.cpp' and 'Debug\' == 'Debug\').
       Task "VCMessage" skipped, due to false condition; ('%(ClCompile.ExcludedFromBuild)' != 'true' and '%(Filename)%(Extension)' != '@(ClCompile->'%(Filename)%(Extension)')' and '%(ObjectFileName)' == '@(ClCompile->Metadata(ObjectFileName)->Distinct())') was evaluated as ('' != 'true' and 'main3.cpp' != 'main3.cpp' and 'Debug\' == 'Debug\').
     1>Done building target "WarnCompileDuplicatedFilename" in project "Week3_1.vcxproj".
     1>Target "MakeDirsForCl" in file "C:\Program Files (x86)\MSBuild\Microsoft.Cpp\v4.0\V120\Microsoft.CppBuild.targets" from project "D:\Users\TerryQ\documents\visual studio 2013\Projects\CppAlgorithm_PekingU_Coursera_2015\Week3_1\Week3_1.vcxproj" (target "_ClCompile" depends on it):
       Task "MakeDir"
       Done executing task "MakeDir".
     1>Done building target "MakeDirsForCl" in project "Week3_1.vcxproj".
       Target "PrepareForBuild" skipped. Previously built successfully.
       Target "SetBuildDefaultEnvironmentVariables" skipped. Previously built successfully.
       Target "SetUserMacroEnvironmentVariables" skipped, due to false condition; ('@(BuildMacro)' != '') was evaluated as ('' != '').
     1>Target "_SelectedFiles" in file "C:\Program Files (x86)\MSBuild\Microsoft.Cpp\v4.0\V120\Microsoft.CppBuild.targets" from project "D:\Users\TerryQ\documents\visual studio 2013\Projects\CppAlgorithm_PekingU_Coursera_2015\Week3_1\Week3_1.vcxproj" (target "SelectClCompile" depends on it):
     1>Done building target "_SelectedFiles" in project "Week3_1.vcxproj".
       Target "ComputeMIDLGeneratedCompileInputs" skipped. Previously built successfully.
       Target "ComputeCLInputPDBName" skipped. Previously built successfully.
       Target "ComputeReferenceCLInput" skipped. Previously built successfully.
       Target "WarnCompileDuplicatedFilename" skipped. Previously built successfully.
       Target "_SelectedFiles" skipped. Previously built successfully.
     1>Target "SelectCustomBuild" in file "C:\Program Files (x86)\MSBuild\Microsoft.Cpp\v4.0\V120\Microsoft.CppBuild.targets" from project "D:\Users\TerryQ\documents\visual studio 2013\Projects\CppAlgorithm_PekingU_Coursera_2015\Week3_1\Week3_1.vcxproj" (target "SelectClCompile" depends on it):
     1>Done building target "SelectCustomBuild" in project "Week3_1.vcxproj".
     1>Target "SelectClCompile" in file "C:\Program Files (x86)\MSBuild\Microsoft.Cpp\v4.0\V120\Microsoft.CppBuild.targets" from project "D:\Users\TerryQ\documents\visual studio 2013\Projects\CppAlgorithm_PekingU_Coursera_2015\Week3_1\Week3_1.vcxproj" (target "ClCompile" depends on it):
     1>Done building target "SelectClCompile" in project "Week3_1.vcxproj".
       Target "GenerateTargetFrameworkMonikerAttribute" skipped, due to false condition; ('$(GenerateTargetFrameworkAttribute)' == 'true') was evaluated as ('false' == 'true').
       Target "ManagedIncrementalBuildPreProcessDependencyGraph" skipped, due to false condition; ('@(ClCompile)' != '' and '$(EnableManagedIncrementalBuild)' == 'True') was evaluated as ('main.cpp;main2.cpp;main3.cpp' != '' and 'false' == 'True').
     1>Target "ClCompile" in file "C:\Program Files (x86)\MSBuild\Microsoft.Cpp\v4.0\V120\Microsoft.CppCommon.targets" from project "D:\Users\TerryQ\documents\visual studio 2013\Projects\CppAlgorithm_PekingU_Coursera_2015\Week3_1\Week3_1.vcxproj" (target "_ClCompile" depends on it):
       Task "Delete" skipped, due to false condition; ('%(ClCompile.DebugInformationFormat)' != '' and '%(ClCompile.DebugInformationFormat)' != 'OldStyle' and '%(ClCompile.ProgramDataBaseFileName)' != '' and !Exists(%(ClCompile.ProgramDataBaseFileName))) was evaluated as ('EditAndContinue' != '' and 'EditAndContinue' != 'OldStyle' and 'Debug\vc120.pdb' != '' and !Exists(Debug\vc120.pdb)).
       Task "CL" skipped, due to false condition; ('%(ClCompile.PrecompiledHeader)' == 'Create' and '%(ClCompile.ExcludedFromBuild)'!='true' and '%(ClCompile.CompilerIteration)' == '') was evaluated as ('' == 'Create' and ''!='true' and '' == '').
       Using "CL" task from assembly "C:\Program Files (x86)\MSBuild\Microsoft.Cpp\v4.0\V120\Microsoft.Build.CppTasks.Common.dll".
       Task "CL"
         Read Tracking Logs:
         	Debug\Week3_1.tlog\cl.read.1.tlog
         Outputs for D:\USERS\TERRYQ\DOCUMENTS\VISUAL STUDIO 2013\PROJECTS\CPPALGORITHM_PEKINGU_COURSERA_2015\WEEK3_1\MAIN.CPP|D:\USERS\TERRYQ\DOCUMENTS\VISUAL STUDIO 2013\PROJECTS\CPPALGORITHM_PEKINGU_COURSERA_2015\WEEK3_1\MAIN2.CPP|D:\USERS\TERRYQ\DOCUMENTS\VISUAL STUDIO 2013\PROJECTS\CPPALGORITHM_PEKINGU_COURSERA_2015\WEEK3_1\MAIN3.CPP:
         	D:\USERS\TERRYQ\DOCUMENTS\VISUAL STUDIO 2013\PROJECTS\CPPALGORITHM_PEKINGU_COURSERA_2015\WEEK3_1\DEBUG\MAIN.OBJ
         	D:\USERS\TERRYQ\DOCUMENTS\VISUAL STUDIO 2013\PROJECTS\CPPALGORITHM_PEKINGU_COURSERA_2015\WEEK3_1\DEBUG\MAIN2.OBJ
         	D:\USERS\TERRYQ\DOCUMENTS\VISUAL STUDIO 2013\PROJECTS\CPPALGORITHM_PEKINGU_COURSERA_2015\WEEK3_1\DEBUG\MAIN3.OBJ
         main3.cpp will be compiled as D:\Users\TerryQ\documents\visual studio 2013\Projects\CppAlgorithm_PekingU_Coursera_2015\Week3_1\main3.cpp was modified at 9/1/2015 11:42:00 AM.
         Environment Variables passed to tool:
           VS_UNICODE_OUTPUT=1376
         D:\Program Files (x86)\Microsoft Visual Studio 12.0\VC\bin\CL.exe /c /ZI /nologo /W3 /WX- /sdl /Od /Oy- /D WIN32 /D _DEBUG /D _CONSOLE /D _LIB /D _UNICODE /D UNICODE /Gm /EHsc /RTC1 /MDd /GS /fp:precise /Zc:wchar_t /Zc:forScope /Fo"Debug\\" /Fd"Debug\vc120.pdb" /Gd /TP /analyze- /errorReport:prompt main3.cpp
         Tracking command:
         C:\Program Files (x86)\MSBuild\12.0\bin\Tracker.exe /d "C:\Program Files (x86)\MSBuild\12.0\bin\FileTracker.dll" /i "D:\Users\TerryQ\documents\visual studio 2013\Projects\CppAlgorithm_PekingU_Coursera_2015\Week3_1\Debug\Week3_1.tlog" /r "D:\USERS\TERRYQ\DOCUMENTS\VISUAL STUDIO 2013\PROJECTS\CPPALGORITHM_PEKINGU_COURSERA_2015\WEEK3_1\MAIN3.CPP" /b MSBuildConsole_CancelEvent738824ca4a3846449cc8157728d13890  /c "D:\Program Files (x86)\Microsoft Visual Studio 12.0\VC\bin\CL.exe"  /c /ZI /nologo /W3 /WX- /sdl /Od /Oy- /D WIN32 /D _DEBUG /D _CONSOLE /D _LIB /D _UNICODE /D UNICODE /Gm /EHsc /RTC1 /MDd /GS /fp:precise /Zc:wchar_t /Zc:forScope /Fo"Debug\\" /Fd"Debug\vc120.pdb" /Gd /TP /analyze- /errorReport:prompt main3.cpp
         main3.cpp
       Done executing task "CL".
     1>Done building target "ClCompile" in project "Week3_1.vcxproj".
       Target "ManagedIncrementalBuildPostProcessDependencyGraph" skipped, due to false condition; ('@(ClCompile)' != '' and '$(EnableManagedIncrementalBuild)' == 'True') was evaluated as ('main.cpp;main2.cpp;main3.cpp' != '' and 'false' == 'True').
     1>Target "AfterClCompile" in file "C:\Program Files (x86)\MSBuild\Microsoft.Cpp\v4.0\V120\Microsoft.CppBuild.targets" from project "D:\Users\TerryQ\documents\visual studio 2013\Projects\CppAlgorithm_PekingU_Coursera_2015\Week3_1\Week3_1.vcxproj" (target "_ClCompile" depends on it):
     1>Done building target "AfterClCompile" in project "Week3_1.vcxproj".
     1>Target "_ClCompile" in file "C:\Program Files (x86)\MSBuild\Microsoft.Cpp\v4.0\V120\Microsoft.CppBuild.targets" from project "D:\Users\TerryQ\documents\visual studio 2013\Projects\CppAlgorithm_PekingU_Coursera_2015\Week3_1\Week3_1.vcxproj" (target "_BuildCompileAction" depends on it):
     1>Done building target "_ClCompile" in project "Week3_1.vcxproj".
       Target "_ResGen" skipped, due to false condition; ('@(EmbeddedResource)'!='') was evaluated as (''!='').
     1>Target "BeforeResourceCompile" in file "C:\Program Files (x86)\MSBuild\Microsoft.Cpp\v4.0\V120\Microsoft.CppBuild.targets" from project "D:\Users\TerryQ\documents\visual studio 2013\Projects\CppAlgorithm_PekingU_Coursera_2015\Week3_1\Week3_1.vcxproj" (target "_ResourceCompile" depends on it):
     1>Done building target "BeforeResourceCompile" in project "Week3_1.vcxproj".
     1>Target "MakeDirsForResourceCompile" in file "C:\Program Files (x86)\MSBuild\Microsoft.Cpp\v4.0\V120\Microsoft.CppBuild.targets" from project "D:\Users\TerryQ\documents\visual studio 2013\Projects\CppAlgorithm_PekingU_Coursera_2015\Week3_1\Week3_1.vcxproj" (target "_ResourceCompile" depends on it):
       Task "MakeDir"
       Done executing task "MakeDir".
     1>Done building target "MakeDirsForResourceCompile" in project "Week3_1.vcxproj".
       Target "ResourceCompile" skipped, due to false condition; ('@(ResourceCompile)' != '') was evaluated as ('' != '').
     1>Target "AfterResourceCompile" in file "C:\Program Files (x86)\MSBuild\Microsoft.Cpp\v4.0\V120\Microsoft.CppBuild.targets" from project "D:\Users\TerryQ\documents\visual studio 2013\Projects\CppAlgorithm_PekingU_Coursera_2015\Week3_1\Week3_1.vcxproj" (target "_ResourceCompile" depends on it):
     1>Done building target "AfterResourceCompile" in project "Week3_1.vcxproj".
     1>Target "_ResourceCompile" in file "C:\Program Files (x86)\MSBuild\Microsoft.Cpp\v4.0\V120\Microsoft.CppBuild.targets" from project "D:\Users\TerryQ\documents\visual studio 2013\Projects\CppAlgorithm_PekingU_Coursera_2015\Week3_1\Week3_1.vcxproj" (target "_BuildCompileAction" depends on it):
     1>Done building target "_ResourceCompile" in project "Week3_1.vcxproj".
       Target "_ImpLib" skipped, due to false condition; ('$(ImpLibCompiled)' == 'true') was evaluated as ('' == 'true').
       Target "_Lib" skipped, due to false condition; ('$(LibCompiled)' == 'true') was evaluated as ('' == 'true').
     1>Target "AfterBuildCompileEvent" in file "C:\Program Files (x86)\MSBuild\Microsoft.Cpp\v4.0\V120\Microsoft.CppBuild.targets" from project "D:\Users\TerryQ\documents\visual studio 2013\Projects\CppAlgorithm_PekingU_Coursera_2015\Week3_1\Week3_1.vcxproj" (target "_BuildCompileAction" depends on it):
     1>Done building target "AfterBuildCompileEvent" in project "Week3_1.vcxproj".
     1>Target "_BuildCompileAction" in file "C:\Program Files (x86)\MSBuild\Microsoft.Cpp\v4.0\V120\Microsoft.CppBuild.targets" from project "D:\Users\TerryQ\documents\visual studio 2013\Projects\CppAlgorithm_PekingU_Coursera_2015\Week3_1\Week3_1.vcxproj" (target "BuildCompile" depends on it):
     1>Done building target "_BuildCompileAction" in project "Week3_1.vcxproj".
     1>Target "BuildCompile" in file "C:\Program Files (x86)\MSBuild\12.0\bin\Microsoft.Common.CurrentVersion.targets" from project "D:\Users\TerryQ\documents\visual studio 2013\Projects\CppAlgorithm_PekingU_Coursera_2015\Week3_1\Week3_1.vcxproj" (target "Build" depends on it):
     1>Done building target "BuildCompile" in project "Week3_1.vcxproj".
       Target "AssignProjectConfiguration" skipped. Previously built successfully.
       Target "_SplitProjectReferencesByFileExistence" skipped. Previously built successfully.
     1>Target "BuildLinkTraverse" in file "C:\Program Files (x86)\MSBuild\12.0\bin\Microsoft.Common.CurrentVersion.targets" from project "D:\Users\TerryQ\documents\visual studio 2013\Projects\CppAlgorithm_PekingU_Coursera_2015\Week3_1\Week3_1.vcxproj" (target "BuildLink" depends on it):
       Task "MSBuild" skipped, due to false condition; ('$(BuildPassReferences)' == 'true' and '@(ProjectReferenceWithConfiguration)' != '' and '@(_MSBuildProjectReferenceExistent)' != ''  and '%(_MSBuildProjectReferenceExistent.BuildReference)' == 'true') was evaluated as ('' == 'true' and '' != '' and '' != ''  and '' == 'true').
     1>Done building target "BuildLinkTraverse" in project "Week3_1.vcxproj".
       Target "PrepareForBuild" skipped. Previously built successfully.
       Target "ResolveReferences" skipped. Previously built successfully.
     1>Target "ComputeLegacyManifestEmbedding" in file "C:\Program Files (x86)\MSBuild\Microsoft.Cpp\v4.0\V120\Microsoft.CppBuild.targets" from project "D:\Users\TerryQ\documents\visual studio 2013\Projects\CppAlgorithm_PekingU_Coursera_2015\Week3_1\Week3_1.vcxproj" (target "_BuildLinkAction" depends on it):
       Task "VCMessage" skipped, due to false condition; ('$(RevertManifestEmbedding)' == 'true' and '$(_LegacyManifestEmbeddingDebug)' == 'true') was evaluated as ('' == 'true' and '' == 'true').
     1>Done building target "ComputeLegacyManifestEmbedding" in project "Week3_1.vcxproj".
     1>Target "BeforeLink" in file "C:\Program Files (x86)\MSBuild\Microsoft.Cpp\v4.0\V120\Microsoft.CppBuild.targets" from project "D:\Users\TerryQ\documents\visual studio 2013\Projects\CppAlgorithm_PekingU_Coursera_2015\Week3_1\Week3_1.vcxproj" (target "_Link" depends on it):
     1>Done building target "BeforeLink" in project "Week3_1.vcxproj".
     1>Target "ComputeRCOutputs" in file "C:\Program Files (x86)\MSBuild\Microsoft.Cpp\v4.0\V120\Microsoft.CppBuild.targets" from project "D:\Users\TerryQ\documents\visual studio 2013\Projects\CppAlgorithm_PekingU_Coursera_2015\Week3_1\Week3_1.vcxproj" (target "ComputeRCGeneratedLinkInputs" depends on it):
     1>Done building target "ComputeRCOutputs" in project "Week3_1.vcxproj".
     1>Target "ComputeRCGeneratedLinkInputs" in file "C:\Program Files (x86)\MSBuild\Microsoft.Cpp\v4.0\V120\Microsoft.CppBuild.targets" from project "D:\Users\TerryQ\documents\visual studio 2013\Projects\CppAlgorithm_PekingU_Coursera_2015\Week3_1\Week3_1.vcxproj" (target "_Link" depends on it):
     1>Done building target "ComputeRCGeneratedLinkInputs" in project "Week3_1.vcxproj".
     1>Target "ComputeManifestGeneratedLinkerInputs" in file "C:\Program Files (x86)\MSBuild\Microsoft.Cpp\v4.0\V120\Microsoft.CppBuild.targets" from project "D:\Users\TerryQ\documents\visual studio 2013\Projects\CppAlgorithm_PekingU_Coursera_2015\Week3_1\Week3_1.vcxproj" (target "_Link" depends on it):
     1>Done building target "ComputeManifestGeneratedLinkerInputs" in project "Week3_1.vcxproj".
     1>Target "ComputeCustomBuildOutput" in file "C:\Program Files (x86)\MSBuild\Microsoft.Cpp\v4.0\V120\Microsoft.CppBuild.targets" from project "D:\Users\TerryQ\documents\visual studio 2013\Projects\CppAlgorithm_PekingU_Coursera_2015\Week3_1\Week3_1.vcxproj" (target "_Link" depends on it):
       Task "CreateItem" skipped, due to false condition; ('%(CustomBuildDirsToMake.OutputFileToTool)'!='') was evaluated as (''!='').
       Task "MakeDir"
       Done executing task "MakeDir".
     1>Done building target "ComputeCustomBuildOutput" in project "Week3_1.vcxproj".
       Target "ComputeMIDLGeneratedCompileInputs" skipped. Previously built successfully.
       Target "ComputeCLInputPDBName" skipped. Previously built successfully.
       Target "ComputeReferenceCLInput" skipped. Previously built successfully.
       Target "WarnCompileDuplicatedFilename" skipped. Previously built successfully.
     1>Target "ComputeCLOutputs" in file "C:\Program Files (x86)\MSBuild\Microsoft.Cpp\v4.0\V120\Microsoft.CppBuild.targets" from project "D:\Users\TerryQ\documents\visual studio 2013\Projects\CppAlgorithm_PekingU_Coursera_2015\Week3_1\Week3_1.vcxproj" (target "ComputeCLGeneratedLinkInputs" depends on it):
     1>Done building target "ComputeCLOutputs" in project "Week3_1.vcxproj".
     1>Target "ComputeCLGeneratedLinkInputs" in file "C:\Program Files (x86)\MSBuild\Microsoft.Cpp\v4.0\V120\Microsoft.CppBuild.targets" from project "D:\Users\TerryQ\documents\visual studio 2013\Projects\CppAlgorithm_PekingU_Coursera_2015\Week3_1\Week3_1.vcxproj" (target "_Link" depends on it):
     1>Done building target "ComputeCLGeneratedLinkInputs" in project "Week3_1.vcxproj".
     1>Target "ComputeLinkInputsFromProject" in file "C:\Program Files (x86)\MSBuild\Microsoft.Cpp\v4.0\V120\Microsoft.CppBuild.targets" from project "D:\Users\TerryQ\documents\visual studio 2013\Projects\CppAlgorithm_PekingU_Coursera_2015\Week3_1\Week3_1.vcxproj" (target "_Link" depends on it):
     1>Done building target "ComputeLinkInputsFromProject" in project "Week3_1.vcxproj".
       Target "ComputeReferenceLinkInputs" skipped, due to false condition; (@(ProjectReference) != '') was evaluated as ( != '').
     1>Target "ComputeManifestInputsTargets" in file "C:\Program Files (x86)\MSBuild\Microsoft.Cpp\v4.0\V120\Microsoft.CppBuild.targets" from project "D:\Users\TerryQ\documents\visual studio 2013\Projects\CppAlgorithm_PekingU_Coursera_2015\Week3_1\Week3_1.vcxproj" (target "_Link" depends on it):
     1>Done building target "ComputeManifestInputsTargets" in project "Week3_1.vcxproj".
       Target "ManifestResourceCompile" skipped, due to false condition; ('$(EmbedManifestBy)' == 'LINK' and '@(Manifest)' != '') was evaluated as ('LINK' == 'LINK' and '' != '').
       Target "AssignWinFXEmbeddedResource" skipped, due to false condition; ('@(WinFXEmbeddedResource)' != '') was evaluated as ('' != '').
     1>Target "AssignTargetPaths" in file "C:\Program Files (x86)\MSBuild\12.0\bin\Microsoft.Common.CurrentVersion.targets" from project "D:\Users\TerryQ\documents\visual studio 2013\Projects\CppAlgorithm_PekingU_Coursera_2015\Week3_1\Week3_1.vcxproj" (target "PrepareResourceNames" depends on it):
       Using "AssignTargetPath" task from assembly "Microsoft.Build.Tasks.v12.0, Version=12.0.0.0, Culture=neutral, PublicKeyToken=b03f5f7f11d50a3a".
       Task "AssignTargetPath"
       Done executing task "AssignTargetPath".
       Task "AssignTargetPath"
       Done executing task "AssignTargetPath".
       Task "AssignTargetPath"
       Done executing task "AssignTargetPath".
       Task "AssignTargetPath"
       Done executing task "AssignTargetPath".
       Task "AssignTargetPath" skipped, due to false condition; ('@(_DeploymentBaseManifestWithTargetPath)'=='' and '%(None.Extension)'=='.manifest') was evaluated as (''=='' and ''=='.manifest').
     1>Done building target "AssignTargetPaths" in project "Week3_1.vcxproj".
       Target "AssignTargetPaths" skipped. Previously built successfully.
     1>Target "SplitResourcesByCulture" in file "C:\Program Files (x86)\MSBuild\12.0\bin\Microsoft.Common.CurrentVersion.targets" from project "D:\Users\TerryQ\documents\visual studio 2013\Projects\CppAlgorithm_PekingU_Coursera_2015\Week3_1\Week3_1.vcxproj" (target "PrepareResourceNames" depends on it):
       Task "Warning" skipped, due to false condition; ('@(ResxWithNoCulture)'!='') was evaluated as (''!='').
       Task "Warning" skipped, due to false condition; ('@(ResxWithCulture)'!='') was evaluated as (''!='').
       Task "Warning" skipped, due to false condition; ('@(NonResxWithCulture)'!='') was evaluated as (''!='').
       Task "Warning" skipped, due to false condition; ('@(NonResxWithNoCulture)'!='') was evaluated as (''!='').
       Using "AssignCulture" task from assembly "Microsoft.Build.Tasks.v12.0, Version=12.0.0.0, Culture=neutral, PublicKeyToken=b03f5f7f11d50a3a".
       Task "AssignCulture"
       Done executing task "AssignCulture".
     1>Done building target "SplitResourcesByCulture" in project "Week3_1.vcxproj".
       Target "CreateManifestResourceNames" skipped, due to false condition; ('@(EmbeddedResource)' != '') was evaluated as ('' != '').
     1>Target "CreateCustomManifestResourceNames" in file "C:\Program Files (x86)\MSBuild\12.0\bin\Microsoft.Common.CurrentVersion.targets" from project "D:\Users\TerryQ\documents\visual studio 2013\Projects\CppAlgorithm_PekingU_Coursera_2015\Week3_1\Week3_1.vcxproj" (target "PrepareResourceNames" depends on it):
     1>Done building target "CreateCustomManifestResourceNames" in project "Week3_1.vcxproj".
     1>Target "PrepareResourceNames" in file "C:\Program Files (x86)\MSBuild\12.0\bin\Microsoft.Common.CurrentVersion.targets" from project "D:\Users\TerryQ\documents\visual studio 2013\Projects\CppAlgorithm_PekingU_Coursera_2015\Week3_1\Week3_1.vcxproj" (target "_Link" depends on it):
     1>Done building target "PrepareResourceNames" in project "Week3_1.vcxproj".
     1>Target "MakeDirsForLink" in file "C:\Program Files (x86)\MSBuild\Microsoft.Cpp\v4.0\V120\Microsoft.CppBuild.targets" from project "D:\Users\TerryQ\documents\visual studio 2013\Projects\CppAlgorithm_PekingU_Coursera_2015\Week3_1\Week3_1.vcxproj" (target "_Link" depends on it):
       Task "MakeDir"
       Done executing task "MakeDir".
     1>Done building target "MakeDirsForLink" in project "Week3_1.vcxproj".
     1>Target "DoLinkOutputFilesMatch" in file "C:\Program Files (x86)\MSBuild\Microsoft.Cpp\v4.0\V120\Microsoft.CppBuild.targets" from project "D:\Users\TerryQ\documents\visual studio 2013\Projects\CppAlgorithm_PekingU_Coursera_2015\Week3_1\Week3_1.vcxproj" (target "_Link" depends on it):
       Task "VCMessage" skipped, due to false condition; ('@(_OutputFileFromLink)' == '') was evaluated as ('D:\users\terryq\documents\visual studio 2013\Projects\CppAlgorithm_PekingU_Coursera_2015\Debug\Week3_1.exe' == '').
       Task "VCMessage" skipped, due to false condition; ('@(_OutputFileFromLink)' != '' and '%(_OutputFileFromLink.FullPath)' != '$([System.IO.Path]::GetFullPath($(TargetPath)))') was evaluated as ('D:\users\terryq\documents\visual studio 2013\Projects\CppAlgorithm_PekingU_Coursera_2015\Debug\Week3_1.exe' != '' and 'D:\users\terryq\documents\visual studio 2013\Projects\CppAlgorithm_PekingU_Coursera_2015\Debug\Week3_1.exe' != 'D:\users\terryq\documents\visual studio 2013\Projects\CppAlgorithm_PekingU_Coursera_2015\Debug\Week3_1.exe').
       Task "VCMessage" skipped, due to false condition; ('@(_OutputFileFromLink)' != '' and '%(_OutputFileFromLink.Extension)' != '' and '%(_OutputFileFromLink.Extension)' != '$(TargetExt)') was evaluated as ('D:\users\terryq\documents\visual studio 2013\Projects\CppAlgorithm_PekingU_Coursera_2015\Debug\Week3_1.exe' != '' and '.exe' != '' and '.exe' != '.exe').
       Task "VCMessage" skipped, due to false condition; ('@(_OutputFileFromLink)' != '' and '%(_OutputFileFromLink.Filename)' != '' and '%(_OutputFileFromLink.Filename)' != '$(TargetName)') was evaluated as ('D:\users\terryq\documents\visual studio 2013\Projects\CppAlgorithm_PekingU_Coursera_2015\Debug\Week3_1.exe' != '' and 'Week3_1' != '' and 'Week3_1' != 'Week3_1').
       Task "VCMessage" skipped, due to false condition; ('%(Link.MinimumRequiredVersion)' != '' and ('%(Link.Subsystem)' == '' or '%(Link.Subsystem)' == 'NotSet')) was evaluated as ('' != '' and ('Console' == '' or 'Console' == 'NotSet')).
     1>Done building target "DoLinkOutputFilesMatch" in project "Week3_1.vcxproj".
     1>Target "PreLinkEvent" in file "C:\Program Files (x86)\MSBuild\Microsoft.Cpp\v4.0\V120\Microsoft.CppCommon.targets" from project "D:\Users\TerryQ\documents\visual studio 2013\Projects\CppAlgorithm_PekingU_Coursera_2015\Week3_1\Week3_1.vcxproj" (target "_Link" depends on it):
       Task "Message" skipped, due to false condition; ('%(PreLinkEvent.Message)' != '' and '%(PreLinkEvent.Command)' != '') was evaluated as ('' != '' and '' != '').
       Task "Exec" skipped, due to false condition; ('%(PreLinkEvent.Command)' != '') was evaluated as ('' != '').
     1>Done building target "PreLinkEvent" in project "Week3_1.vcxproj".
     1>Target "ComputeLinkSwitches" in file "C:\Program Files (x86)\MSBuild\Microsoft.Cpp\v4.0\V120\Microsoft.CppCommon.targets" from project "D:\Users\TerryQ\documents\visual studio 2013\Projects\CppAlgorithm_PekingU_Coursera_2015\Week3_1\Week3_1.vcxproj" (target "Link" depends on it):
     1>Done building target "ComputeLinkSwitches" in project "Week3_1.vcxproj".
     1>Target "Link" in file "C:\Program Files (x86)\MSBuild\Microsoft.Cpp\v4.0\V120\Microsoft.CppCommon.targets" from project "D:\Users\TerryQ\documents\visual studio 2013\Projects\CppAlgorithm_PekingU_Coursera_2015\Week3_1\Week3_1.vcxproj" (target "_Link" depends on it):
       Using "Link" task from assembly "C:\Program Files (x86)\MSBuild\Microsoft.Cpp\v4.0\V120\Microsoft.Build.CppTasks.Common.dll".
       Task "Link"
         Write Tracking Logs:
         	Debug\Week3_1.tlog\link.write.1.tlog
         Read Tracking Logs:
         	Debug\Week3_1.tlog\link.read.1.tlog
         Outputs for D:\USERS\TERRYQ\DOCUMENTS\VISUAL STUDIO 2013\PROJECTS\CPPALGORITHM_PEKINGU_COURSERA_2015\WEEK3_1\DEBUG\MAIN.OBJ|D:\USERS\TERRYQ\DOCUMENTS\VISUAL STUDIO 2013\PROJECTS\CPPALGORITHM_PEKINGU_COURSERA_2015\WEEK3_1\DEBUG\MAIN2.OBJ|D:\USERS\TERRYQ\DOCUMENTS\VISUAL STUDIO 2013\PROJECTS\CPPALGORITHM_PEKINGU_COURSERA_2015\WEEK3_1\DEBUG\MAIN3.OBJ:
         	D:\USERS\TERRYQ\DOCUMENTS\VISUAL STUDIO 2013\PROJECTS\CPPALGORITHM_PEKINGU_COURSERA_2015\DEBUG\WEEK3_1.ILK
         	D:\USERS\TERRYQ\DOCUMENTS\VISUAL STUDIO 2013\PROJECTS\CPPALGORITHM_PEKINGU_COURSERA_2015\DEBUG\WEEK3_1.EXE
         	D:\USERS\TERRYQ\DOCUMENTS\VISUAL STUDIO 2013\PROJECTS\CPPALGORITHM_PEKINGU_COURSERA_2015\DEBUG\WEEK3_1.PDB
         Inputs for D:\USERS\TERRYQ\DOCUMENTS\VISUAL STUDIO 2013\PROJECTS\CPPALGORITHM_PEKINGU_COURSERA_2015\WEEK3_1\DEBUG\MAIN.OBJ|D:\USERS\TERRYQ\DOCUMENTS\VISUAL STUDIO 2013\PROJECTS\CPPALGORITHM_PEKINGU_COURSERA_2015\WEEK3_1\DEBUG\MAIN2.OBJ|D:\USERS\TERRYQ\DOCUMENTS\VISUAL STUDIO 2013\PROJECTS\CPPALGORITHM_PEKINGU_COURSERA_2015\WEEK3_1\DEBUG\MAIN3.OBJ:
         	C:\WINDOWS\GLOBALIZATION\SORTING\SORTDEFAULT.NLS
         	C:\PROGRAM FILES (X86)\WINDOWS KITS\8.1\LIB\WINV6.3\UM\X86\KERNEL32.LIB
         	C:\PROGRAM FILES (X86)\WINDOWS KITS\8.1\LIB\WINV6.3\UM\X86\USER32.LIB
         	C:\PROGRAM FILES (X86)\WINDOWS KITS\8.1\LIB\WINV6.3\UM\X86\GDI32.LIB
         	C:\PROGRAM FILES (X86)\WINDOWS KITS\8.1\LIB\WINV6.3\UM\X86\WINSPOOL.LIB
         	C:\PROGRAM FILES (X86)\WINDOWS KITS\8.1\LIB\WINV6.3\UM\X86\COMDLG32.LIB
         	C:\PROGRAM FILES (X86)\WINDOWS KITS\8.1\LIB\WINV6.3\UM\X86\ADVAPI32.LIB
         	C:\PROGRAM FILES (X86)\WINDOWS KITS\8.1\LIB\WINV6.3\UM\X86\SHELL32.LIB
         	C:\PROGRAM FILES (X86)\WINDOWS KITS\8.1\LIB\WINV6.3\UM\X86\OLE32.LIB
         	C:\PROGRAM FILES (X86)\WINDOWS KITS\8.1\LIB\WINV6.3\UM\X86\OLEAUT32.LIB
         	C:\PROGRAM FILES (X86)\WINDOWS KITS\8.1\LIB\WINV6.3\UM\X86\UUID.LIB
         	C:\PROGRAM FILES (X86)\WINDOWS KITS\8.1\LIB\WINV6.3\UM\X86\ODBC32.LIB
         	C:\PROGRAM FILES (X86)\WINDOWS KITS\8.1\LIB\WINV6.3\UM\X86\ODBCCP32.LIB
         	D:\USERS\TERRYQ\DOCUMENTS\VISUAL STUDIO 2013\PROJECTS\CPPALGORITHM_PEKINGU_COURSERA_2015\WEEK3_1\DEBUG\MAIN.OBJ
         	D:\USERS\TERRYQ\DOCUMENTS\VISUAL STUDIO 2013\PROJECTS\CPPALGORITHM_PEKINGU_COURSERA_2015\WEEK3_1\DEBUG\MAIN2.OBJ
         	D:\USERS\TERRYQ\DOCUMENTS\VISUAL STUDIO 2013\PROJECTS\CPPALGORITHM_PEKINGU_COURSERA_2015\WEEK3_1\DEBUG\MAIN3.OBJ
         	C:\WINDOWS\SYSTEM32\TZRES.DLL
         	D:\PROGRAM FILES (X86)\MICROSOFT VISUAL STUDIO 12.0\VC\LIB\MSVCRTD.LIB
         	D:\PROGRAM FILES (X86)\MICROSOFT VISUAL STUDIO 12.0\VC\LIB\OLDNAMES.LIB
         	D:\PROGRAM FILES (X86)\MICROSOFT VISUAL STUDIO 12.0\VC\LIB\MSVCPRTD.LIB
         Source compilation required: input D:\USERS\TERRYQ\DOCUMENTS\VISUAL STUDIO 2013\PROJECTS\CPPALGORITHM_PEKINGU_COURSERA_2015\WEEK3_1\DEBUG\MAIN3.OBJ is newer than output D:\USERS\TERRYQ\DOCUMENTS\VISUAL STUDIO 2013\PROJECTS\CPPALGORITHM_PEKINGU_COURSERA_2015\DEBUG\WEEK3_1.EXE.
         Environment Variables passed to tool:
           VS_UNICODE_OUTPUT=1656
         D:\Program Files (x86)\Microsoft Visual Studio 12.0\VC\bin\link.exe /ERRORREPORT:PROMPT /OUT:"D:\users\terryq\documents\visual studio 2013\Projects\CppAlgorithm_PekingU_Coursera_2015\Debug\Week3_1.exe" /INCREMENTAL /NOLOGO kernel32.lib user32.lib gdi32.lib winspool.lib comdlg32.lib advapi32.lib shell32.lib ole32.lib oleaut32.lib uuid.lib odbc32.lib odbccp32.lib /MANIFEST /MANIFESTUAC:"level='asInvoker' uiAccess='false'" /manifest:embed /DEBUG /PDB:"D:\users\terryq\documents\visual studio 2013\Projects\CppAlgorithm_PekingU_Coursera_2015\Debug\Week3_1.pdb" /SUBSYSTEM:CONSOLE /TLBID:1 /DYNAMICBASE /NXCOMPAT /IMPLIB:"D:\users\terryq\documents\visual studio 2013\Projects\CppAlgorithm_PekingU_Coursera_2015\Debug\Week3_1.lib" /MACHINE:X86 Debug\main.obj
         Debug\main2.obj
         Debug\main3.obj
         Tracking command:
         C:\Program Files (x86)\MSBuild\12.0\bin\Tracker.exe /a /d "C:\Program Files (x86)\MSBuild\12.0\bin\FileTracker.dll" /i "D:\Users\TerryQ\documents\visual studio 2013\Projects\CppAlgorithm_PekingU_Coursera_2015\Week3_1\Debug\Week3_1.tlog" /r "D:\USERS\TERRYQ\DOCUMENTS\VISUAL STUDIO 2013\PROJECTS\CPPALGORITHM_PEKINGU_COURSERA_2015\WEEK3_1\DEBUG\MAIN.OBJ|D:\USERS\TERRYQ\DOCUMENTS\VISUAL STUDIO 2013\PROJECTS\CPPALGORITHM_PEKINGU_COURSERA_2015\WEEK3_1\DEBUG\MAIN2.OBJ|D:\USERS\TERRYQ\DOCUMENTS\VISUAL STUDIO 2013\PROJECTS\CPPALGORITHM_PEKINGU_COURSERA_2015\WEEK3_1\DEBUG\MAIN3.OBJ" /b MSBuildConsole_CancelEvent5f6b8812506d4a0c9f4385c090647502  /c "D:\Program Files (x86)\Microsoft Visual Studio 12.0\VC\bin\link.exe"  /ERRORREPORT:PROMPT /OUT:"D:\users\terryq\documents\visual studio 2013\Projects\CppAlgorithm_PekingU_Coursera_2015\Debug\Week3_1.exe" /INCREMENTAL /NOLOGO kernel32.lib user32.lib gdi32.lib winspool.lib comdlg32.lib advapi32.lib shell32.lib ole32.lib oleaut32.lib uuid.lib odbc32.lib odbccp32.lib /MANIFEST /MANIFESTUAC:"level='asInvoker' uiAccess='false'" /manifest:embed /DEBUG /PDB:"D:\users\terryq\documents\visual studio 2013\Projects\CppAlgorithm_PekingU_Coursera_2015\Debug\Week3_1.pdb" /SUBSYSTEM:CONSOLE /TLBID:1 /DYNAMICBASE /NXCOMPAT /IMPLIB:"D:\users\terryq\documents\visual studio 2013\Projects\CppAlgorithm_PekingU_Coursera_2015\Debug\Week3_1.lib" /MACHINE:X86 Debug\main.obj
         Debug\main2.obj
         Debug\main3.obj
       Done executing task "Link".
       Task "Message"
         Week3_1.vcxproj -> D:\users\terryq\documents\visual studio 2013\Projects\CppAlgorithm_PekingU_Coursera_2015\Debug\Week3_1.exe
       Done executing task "Message".
     1>Done building target "Link" in project "Week3_1.vcxproj".
       Target "MetaGenInputsOutputs" skipped, due to false condition; ('$(EnableManagedIncrementalBuild)' == 'True') was evaluated as ('false' == 'True').
       Target "ComputeMetaGenInputs" skipped, due to false condition; ('$(CLRSupport)'!='' and '$(CLRSupport)'!='false') was evaluated as ('false'!='' and 'false'!='false').
       Target "MetaGen" skipped, due to false condition; ('@(MetaGen)' != '') was evaluated as ('' != '').
     1>Target "ComputeLinkImportLibraryOutputsForClean" in file "C:\Program Files (x86)\MSBuild\Microsoft.Cpp\v4.0\V120\Microsoft.CppBuild.targets" from project "D:\Users\TerryQ\documents\visual studio 2013\Projects\CppAlgorithm_PekingU_Coursera_2015\Week3_1\Week3_1.vcxproj" (target "_Link" depends on it):
       Task "WriteLinesToFile" skipped, due to false condition; ('@(_LinkSecondaryOutput)' != '') was evaluated as ('' != '').
     1>Done building target "ComputeLinkImportLibraryOutputsForClean" in project "Week3_1.vcxproj".
     1>Target "AfterLink" in file "C:\Program Files (x86)\MSBuild\Microsoft.Cpp\v4.0\V120\Microsoft.CppBuild.targets" from project "D:\Users\TerryQ\documents\visual studio 2013\Projects\CppAlgorithm_PekingU_Coursera_2015\Week3_1\Week3_1.vcxproj" (target "_Link" depends on it):
     1>Done building target "AfterLink" in project "Week3_1.vcxproj".
     1>Target "_Link" in file "C:\Program Files (x86)\MSBuild\Microsoft.Cpp\v4.0\V120\Microsoft.CppBuild.targets" from project "D:\Users\TerryQ\documents\visual studio 2013\Projects\CppAlgorithm_PekingU_Coursera_2015\Week3_1\Week3_1.vcxproj" (target "_BuildLinkAction" depends on it):
     1>Done building target "_Link" in project "Week3_1.vcxproj".
     1>Target "_ALink" in file "C:\Program Files (x86)\MSBuild\Microsoft.Cpp\v4.0\V120\Microsoft.CppBuild.targets" from project "D:\Users\TerryQ\documents\visual studio 2013\Projects\CppAlgorithm_PekingU_Coursera_2015\Week3_1\Week3_1.vcxproj" (target "_BuildLinkAction" depends on it):
     1>Done building target "_ALink" in project "Week3_1.vcxproj".
       Target "ComputeLegacyManifestEmbedding" skipped. Previously built successfully.
     1>Target "_Manifest" in file "C:\Program Files (x86)\MSBuild\Microsoft.Cpp\v4.0\V120\Microsoft.CppBuild.targets" from project "D:\Users\TerryQ\documents\visual studio 2013\Projects\CppAlgorithm_PekingU_Coursera_2015\Week3_1\Week3_1.vcxproj" (target "_BuildLinkAction" depends on it):
       Task "CallTarget" skipped, due to false condition; ('$(LegacyManifestEmbedding)' == 'true') was evaluated as ('' == 'true').
     1>Done building target "_Manifest" in project "Week3_1.vcxproj".
     1>Target "RegisterOutput" in file "C:\Program Files (x86)\MSBuild\Microsoft.Cpp\v4.0\V120\Microsoft.CppCommon.targets" from project "D:\Users\TerryQ\documents\visual studio 2013\Projects\CppAlgorithm_PekingU_Coursera_2015\Week3_1\Week3_1.vcxproj" (target "_BuildLinkAction" depends on it):
       Task "Exec" skipped, due to false condition; ('$(ConfigurationType)'=='DynamicLibrary' and '%(Link.RegisterOutput)'=='true' and '%(Link.PerUserRedirection)'!='true') was evaluated as ('Application'=='DynamicLibrary' and 'false'=='true' and 'false'!='true').
       Task "Exec" skipped, due to false condition; ('$(ConfigurationType)'=='DynamicLibrary' and '%(Link.RegisterOutput)'=='true' and '%(Link.PerUserRedirection)'=='true') was evaluated as ('Application'=='DynamicLibrary' and 'false'=='true' and 'false'=='true').
       Task "Exec" skipped, due to false condition; ('$(ConfigurationType)'=='Application' and '%(Link.RegisterOutput)'=='true' and '%(Link.PerUserRedirection)'!='true') was evaluated as ('Application'=='Application' and 'false'=='true' and 'false'!='true').
       Task "Exec" skipped, due to false condition; ('$(ConfigurationType)'=='Application' and '%(Link.RegisterOutput)'=='true' and '%(Link.PerUserRedirection)'=='true') was evaluated as ('Application'=='Application' and 'false'=='true' and 'false'=='true').
       Task "VCMessage" skipped, due to false condition; ('$(_RegisterOutputExitCode)' != '' and '$(_RegisterOutputExitCode)' != '0') was evaluated as ('' != '' and '' != '0').
     1>Done building target "RegisterOutput" in project "Week3_1.vcxproj".
       Target "PrepareForBuild" skipped. Previously built successfully.
       Target "ResolveReferences" skipped. Previously built successfully.
     1>Target "ResolvedXDCMake" in file "C:\Program Files (x86)\MSBuild\Microsoft.Cpp\v4.0\V120\Microsoft.CppBuild.targets" from project "D:\Users\TerryQ\documents\visual studio 2013\Projects\CppAlgorithm_PekingU_Coursera_2015\Week3_1\Week3_1.vcxproj" (target "_XdcMake" depends on it):
       Task "MSBuild" skipped, due to false condition; ('%(_MSBuildProjectReferenceExistent.Extension)' == '.vcxproj' and '@(ProjectReferenceWithConfiguration)' != '' and '@(_MSBuildProjectReferenceExistent)' != '' and '$(_ClCompileGenerateXMLDocumentationFiles)' == 'true') was evaluated as ('' == '.vcxproj' and '' != '' and '' != '' and '' == 'true').
     1>Done building target "ResolvedXDCMake" in project "Week3_1.vcxproj".
     1>Target "ComputeCLCompileGeneratedXDCFiles" in file "C:\Program Files (x86)\MSBuild\Microsoft.Cpp\v4.0\V120\Microsoft.CppBuild.targets" from project "D:\Users\TerryQ\documents\visual studio 2013\Projects\CppAlgorithm_PekingU_Coursera_2015\Week3_1\Week3_1.vcxproj" (target "_XdcMake" depends on it):
     1>Done building target "ComputeCLCompileGeneratedXDCFiles" in project "Week3_1.vcxproj".
     1>Target "MakeDirsForXdcMake" in file "C:\Program Files (x86)\MSBuild\Microsoft.Cpp\v4.0\V120\Microsoft.CppBuild.targets" from project "D:\Users\TerryQ\documents\visual studio 2013\Projects\CppAlgorithm_PekingU_Coursera_2015\Week3_1\Week3_1.vcxproj" (target "_XdcMake" depends on it):
       Task "MakeDir"
       Done executing task "MakeDir".
     1>Done building target "MakeDirsForXdcMake" in project "Week3_1.vcxproj".
       Target "XdcMake" skipped, due to false condition; ('@(XdcMake)' != '') was evaluated as ('' != '').
     1>Target "_XdcMake" in file "C:\Program Files (x86)\MSBuild\Microsoft.Cpp\v4.0\V120\Microsoft.CppBuild.targets" from project "D:\Users\TerryQ\documents\visual studio 2013\Projects\CppAlgorithm_PekingU_Coursera_2015\Week3_1\Week3_1.vcxproj" (target "_BuildLinkAction" depends on it):
     1>Done building target "_XdcMake" in project "Week3_1.vcxproj".
     1>Target "ComputeCLCompileGeneratedSbrFiles" in file "C:\Program Files (x86)\MSBuild\Microsoft.Cpp\v4.0\V120\Microsoft.CppBuild.targets" from project "D:\Users\TerryQ\documents\visual studio 2013\Projects\CppAlgorithm_PekingU_Coursera_2015\Week3_1\Week3_1.vcxproj" (target "_BscMake" depends on it):
     1>Done building target "ComputeCLCompileGeneratedSbrFiles" in project "Week3_1.vcxproj".
     1>Target "MakeDirsForBscMake" in file "C:\Program Files (x86)\MSBuild\Microsoft.Cpp\v4.0\V120\Microsoft.CppBuild.targets" from project "D:\Users\TerryQ\documents\visual studio 2013\Projects\CppAlgorithm_PekingU_Coursera_2015\Week3_1\Week3_1.vcxproj" (target "_BscMake" depends on it):
       Task "MakeDir"
       Done executing task "MakeDir".
     1>Done building target "MakeDirsForBscMake" in project "Week3_1.vcxproj".
       Target "BscMake" skipped, due to false condition; ('@(BscMake)' != '') was evaluated as ('' != '').
       Target "CustomBuildStep" skipped, due to false condition; ('@(CustomBuildStep)' != '' and '$(SelectedFiles)'=='') was evaluated as ('' != '' and ''=='').
     1>Target "_BscMake" in file "C:\Program Files (x86)\MSBuild\Microsoft.Cpp\v4.0\V120\Microsoft.CppBuild.targets" from project "D:\Users\TerryQ\documents\visual studio 2013\Projects\CppAlgorithm_PekingU_Coursera_2015\Week3_1\Week3_1.vcxproj" (target "_BuildLinkAction" depends on it):
     1>Done building target "_BscMake" in project "Week3_1.vcxproj".
       Target "RunMergeNativeCodeAnalysis" skipped, due to false condition; ('$(Language)'=='C++' and '$(RunCodeAnalysisOnThisProject)'=='true') was evaluated as ('C++'=='C++' and ''=='true').
       Target "RunNativeCodeAnalysis" skipped, due to false condition; ('$(Language)'=='C++' and '$(RunCodeAnalysisOnThisProject)'=='true') was evaluated as ('C++'=='C++' and ''=='true').
     1>Target "_GenerateSatelliteAssemblyInputs" in file "C:\Program Files (x86)\MSBuild\12.0\bin\Microsoft.Common.CurrentVersion.targets" from project "D:\Users\TerryQ\documents\visual studio 2013\Projects\CppAlgorithm_PekingU_Coursera_2015\Week3_1\Week3_1.vcxproj" (target "CreateSatelliteAssemblies" depends on it):
       Task "Warning" skipped, due to false condition; ('@(ManifestResourceWithCulture)'!='' and '%(ManifestResourceWithCulture.EmittedForCompatibilityOnly)'=='') was evaluated as (''!='' and ''=='').
       Task "Warning" skipped, due to false condition; ('@(ManifestNonResxWithCultureOnDisk)'!='' and '%(ManifestNonResxWithCultureOnDisk.EmittedForCompatibilityOnly)'=='') was evaluated as (''!='' and ''=='').
     1>Done building target "_GenerateSatelliteAssemblyInputs" in project "Week3_1.vcxproj".
       Target "ComputeIntermediateSatelliteAssemblies" skipped, due to false condition; (@(ReferenceSatellitePaths->'%(DestinationSubDirectory)') != '') was evaluated as ( != '').
       Target "GenerateSatelliteAssemblies" skipped, due to false condition; ('@(_SatelliteAssemblyResourceInputs)' != '') was evaluated as ('' != '').
     1>Target "CreateSatelliteAssemblies" in file "C:\Program Files (x86)\MSBuild\12.0\bin\Microsoft.Common.CurrentVersion.targets" from project "D:\Users\TerryQ\documents\visual studio 2013\Projects\CppAlgorithm_PekingU_Coursera_2015\Week3_1\Week3_1.vcxproj" (target "_BuildLinkAction" depends on it):
     1>Done building target "CreateSatelliteAssemblies" in project "Week3_1.vcxproj".
     1>Target "_Appverifier" in file "C:\Program Files (x86)\MSBuild\Microsoft.Cpp\v4.0\V120\Microsoft.CppBuild.targets" from project "D:\Users\TerryQ\documents\visual studio 2013\Projects\CppAlgorithm_PekingU_Coursera_2015\Week3_1\Week3_1.vcxproj" (target "_BuildLinkAction" depends on it):
     1>Done building target "_Appverifier" in project "Week3_1.vcxproj".
     1>Target "_Deploy" in file "C:\Program Files (x86)\MSBuild\Microsoft.Cpp\v4.0\V120\Microsoft.CppBuild.targets" from project "D:\Users\TerryQ\documents\visual studio 2013\Projects\CppAlgorithm_PekingU_Coursera_2015\Week3_1\Week3_1.vcxproj" (target "_BuildLinkAction" depends on it):
     1>Done building target "_Deploy" in project "Week3_1.vcxproj".
       Target "ComputeIntermediateSatelliteAssemblies" skipped, due to false condition; (@(ReferenceSatellitePaths->'%(DestinationSubDirectory)') != '') was evaluated as ( != '').
       Target "_CopyFilesMarkedCopyLocal" skipped, due to false condition; ('@(ReferenceCopyLocalPaths)' != '') was evaluated as ('' != '').
       Target "AssignTargetPaths" skipped. Previously built successfully.
       Target "_SplitProjectReferencesByFileExistence" skipped. Previously built successfully.
     1>Target "GetCopyToOutputDirectoryXamlAppDefs" in file "C:\WINDOWS\Microsoft.NET\Framework\v4.0.30319\Microsoft.Xaml.targets" from project "D:\Users\TerryQ\documents\visual studio 2013\Projects\CppAlgorithm_PekingU_Coursera_2015\Week3_1\Week3_1.vcxproj" (target "GetCopyToOutputDirectoryItems" depends on it):
       Task "AssignTargetPath"
       Done executing task "AssignTargetPath".
     1>Done building target "GetCopyToOutputDirectoryXamlAppDefs" in project "Week3_1.vcxproj".
     1>Target "GetCopyToOutputDirectoryItems" in file "C:\Program Files (x86)\MSBuild\12.0\bin\Microsoft.Common.CurrentVersion.targets" from project "D:\Users\TerryQ\documents\visual studio 2013\Projects\CppAlgorithm_PekingU_Coursera_2015\Week3_1\Week3_1.vcxproj" (target "_CopySourceItemsToOutputDirectory" depends on it):
       Task "MSBuild" skipped, due to false condition; ('@(_MSBuildProjectReferenceExistent)' != '' and '$(_GetChildProjectCopyToOutputDirectoryItems)' == 'true' and '%(_MSBuildProjectReferenceExistent.Private)' != 'false' and '$(UseCommonOutputDirectory)' != 'true') was evaluated as ('' != '' and 'true' == 'true' and '' != 'false' and 'false' != 'true').
       Task "AssignTargetPath"
       Done executing task "AssignTargetPath".
     1>Done building target "GetCopyToOutputDirectoryItems" in project "Week3_1.vcxproj".
       Target "_CopyOutOfDateSourceItemsToOutputDirectory" skipped, due to false condition; ( '@(_SourceItemsToCopyToOutputDirectory)' != '' ) was evaluated as ( '' != '' ).
       Target "_CopyOutOfDateSourceItemsToOutputDirectoryAlways" skipped, due to false condition; ( '@(_SourceItemsToCopyToOutputDirectoryAlways)' != '' ) was evaluated as ( '' != '' ).
     1>Target "_CopySourceItemsToOutputDirectory" in file "C:\Program Files (x86)\MSBuild\12.0\bin\Microsoft.Common.CurrentVersion.targets" from project "D:\Users\TerryQ\documents\visual studio 2013\Projects\CppAlgorithm_PekingU_Coursera_2015\Week3_1\Week3_1.vcxproj" (target "CopyFilesToOutputDirectory" depends on it):
     1>Done building target "_CopySourceItemsToOutputDirectory" in project "Week3_1.vcxproj".
       Target "_CopyAppConfigFile" skipped, due to false condition; ( '@(AppConfigWithTargetPath)' != '' ) was evaluated as ( '' != '' ).
       Target "_CopyManifestFiles" skipped, due to false condition; ( '$(_DeploymentCopyApplicationManifest)'=='true' or '$(GenerateClickOnceManifests)'=='true' ) was evaluated as ( ''=='true' or ''=='true' ).
     1>Target "_CheckForCompileOutputs" in file "C:\Program Files (x86)\MSBuild\12.0\bin\Microsoft.Common.CurrentVersion.targets" from project "D:\Users\TerryQ\documents\visual studio 2013\Projects\CppAlgorithm_PekingU_Coursera_2015\Week3_1\Week3_1.vcxproj" (target "CopyFilesToOutputDirectory" depends on it):
     1>Done building target "_CheckForCompileOutputs" in project "Week3_1.vcxproj".
       Target "_SGenCheckForOutputs" skipped, due to false condition; ('$(_SGenGenerateSerializationAssembliesConfig)' == 'On' or ('@(WebReferenceUrl)'!='' and '$(_SGenGenerateSerializationAssembliesConfig)' == 'Auto')) was evaluated as ('Off' == 'On' or (''!='' and 'Off' == 'Auto')).
     1>Target "CopyFilesToOutputDirectory" in file "C:\Program Files (x86)\MSBuild\12.0\bin\Microsoft.Common.CurrentVersion.targets" from project "D:\Users\TerryQ\documents\visual studio 2013\Projects\CppAlgorithm_PekingU_Coursera_2015\Week3_1\Week3_1.vcxproj" (target "PrepareForRun" depends on it):
       Task "Copy" skipped, due to false condition; ('$(CopyBuildOutputToOutputDirectory)' == 'true' and '$(SkipCopyBuildProduct)' != 'true') was evaluated as ('true' == 'true' and 'true' != 'true').
       Task "Message" skipped, due to false condition; ('$(CopyBuildOutputToOutputDirectory)' == 'true' and '$(SkipCopyBuildProduct)'!='true') was evaluated as ('true' == 'true' and 'true'!='true').
       Task "Copy" skipped, due to false condition; ('@(AddModules)' != '') was evaluated as ('' != '').
       Task "Copy" skipped, due to false condition; ('$(_SGenDllCreated)'=='true') was evaluated as ('false'=='true').
       Task "Copy" skipped, due to false condition; ('$(_DebugSymbolsProduced)'=='true' and '$(SkipCopyingSymbolsToOutputDirectory)' != 'true' and '$(CopyOutputSymbolsToOutputDirectory)'=='true') was evaluated as ('false'=='true' and '' != 'true' and 'true'=='true').
       Task "Copy" skipped, due to false condition; ('$(_DocumentationFileProduced)'=='true') was evaluated as ('false'=='true').
       Task "Copy" skipped, due to false condition; ('@(IntermediateSatelliteAssembliesWithTargetPath)' != '') was evaluated as ('' != '').
       Task "Copy" skipped, due to false condition; ('@(ReferenceComWrappersToCopyLocal)' != '' or '@(ResolvedIsolatedComModules)' != '' or '@(_DeploymentLooseManifestFile)' != '' or '@(NativeReferenceFile)' != '' ) was evaluated as ('' != '' or '' != '' or '' != '' or '' != '' ).
       Task "Copy" skipped, due to false condition; ('$(SkipCopyWinMDArtifact)' != 'true' and '@(WinMDExpArtifacts)' != '') was evaluated as ('' != 'true' and '' != '').
       Task "Message" skipped, due to false condition; ('$(SkipCopyWinMDArtifact)' != 'true' and '$(_WindowsMetadataOutputPath)' != '') was evaluated as ('' != 'true' and '' != '').
     1>Done building target "CopyFilesToOutputDirectory" in project "Week3_1.vcxproj".
     1>Target "PrepareForRun" in file "C:\Program Files (x86)\MSBuild\12.0\bin\Microsoft.Common.CurrentVersion.targets" from project "D:\Users\TerryQ\documents\visual studio 2013\Projects\CppAlgorithm_PekingU_Coursera_2015\Week3_1\Week3_1.vcxproj" (target "_BuildLinkAction" depends on it):
     1>Done building target "PrepareForRun" in project "Week3_1.vcxproj".
       Target "CustomBuildStep" skipped, due to false condition; ('@(CustomBuildStep)' != '' and '$(SelectedFiles)'=='') was evaluated as ('' != '' and ''=='').
     1>Target "PostBuildEvent" in file "C:\Program Files (x86)\MSBuild\Microsoft.Cpp\v4.0\V120\Microsoft.CppCommon.targets" from project "D:\Users\TerryQ\documents\visual studio 2013\Projects\CppAlgorithm_PekingU_Coursera_2015\Week3_1\Week3_1.vcxproj" (target "_BuildLinkAction" depends on it):
       Task "Message" skipped, due to false condition; ('%(PostBuildEvent.Message)' != '' and '%(PostBuildEvent.Command)' != '') was evaluated as ('' != '' and '' != '').
       Task "Exec" skipped, due to false condition; ('%(PostBuildEvent.Command)' != '') was evaluated as ('' != '').
     1>Done building target "PostBuildEvent" in project "Week3_1.vcxproj".
     1>Target "_BuildLinkAction" in file "C:\Program Files (x86)\MSBuild\Microsoft.Cpp\v4.0\V120\Microsoft.CppBuild.targets" from project "D:\Users\TerryQ\documents\visual studio 2013\Projects\CppAlgorithm_PekingU_Coursera_2015\Week3_1\Week3_1.vcxproj" (target "BuildLink" depends on it):
     1>Done building target "_BuildLinkAction" in project "Week3_1.vcxproj".
     1>Target "BuildLink" in file "C:\Program Files (x86)\MSBuild\12.0\bin\Microsoft.Common.CurrentVersion.targets" from project "D:\Users\TerryQ\documents\visual studio 2013\Projects\CppAlgorithm_PekingU_Coursera_2015\Week3_1\Week3_1.vcxproj" (target "Build" depends on it):
     1>Done building target "BuildLink" in project "Week3_1.vcxproj".
       Target "CreateTfsBuildInfoResource" skipped, due to false condition; ( $(AddBuildInfoToAssembly)==true ) was evaluated as ( false==true ).
     1>Target "AfterBuild" in file "C:\Program Files (x86)\MSBuild\Microsoft.Cpp\v4.0\V120\Microsoft.BuildSteps.Targets" from project "D:\Users\TerryQ\documents\visual studio 2013\Projects\CppAlgorithm_PekingU_Coursera_2015\Week3_1\Week3_1.vcxproj" (target "Build" depends on it):
     1>Done building target "AfterBuild" in project "Week3_1.vcxproj".
     1>Target "FinalizeBuildStatus" in file "C:\Program Files (x86)\MSBuild\Microsoft.Cpp\v4.0\V120\Microsoft.CppBuild.targets" from project "D:\Users\TerryQ\documents\visual studio 2013\Projects\CppAlgorithm_PekingU_Coursera_2015\Week3_1\Week3_1.vcxproj" (target "Build" depends on it):
       Using "Delete" task from assembly "Microsoft.Build.Tasks.v12.0, Version=12.0.0.0, Culture=neutral, PublicKeyToken=b03f5f7f11d50a3a".
       Task "Delete"
         Deleting file "Debug\Week3_1.tlog\unsuccessfulbuild".
       Done executing task "Delete".
       Task "Touch"
         Touching "Debug\Week3_1.tlog\Week3_1.lastbuildstate".
       Done executing task "Touch".
     1>Done building target "FinalizeBuildStatus" in project "Week3_1.vcxproj".
     1>Target "Build" in file "C:\Program Files (x86)\MSBuild\Microsoft.Cpp\v4.0\V120\Microsoft.BuildSteps.Targets" from project "D:\Users\TerryQ\documents\visual studio 2013\Projects\CppAlgorithm_PekingU_Coursera_2015\Week3_1\Week3_1.vcxproj" (entry point):
     1>Done building target "Build" in project "Week3_1.vcxproj".
     1>Done Building Project "D:\Users\TerryQ\documents\visual studio 2013\Projects\CppAlgorithm_PekingU_Coursera_2015\Week3_1\Week3_1.vcxproj" (Build target(s)).

Build succeeded.

Time Elapsed 00:00:01.31
